yarn run v1.22.22
$ forge script ./scripts/mezo/BTC.s.sol:Deploy --fork-url $(grep MEZO_RPC .env | cut -d '=' -f2,3,4,5) --evm-version paris --broadcast --slow --verify --verifier custom --verifier-url https://api.explorer.mezo.org/api
No files changed, compilation skipped
Traces:
  [1904746] → new Deploy@0x9f7cF1d1F558E57ef88a59ac3D47214eF25B6A06
    └─ ← [Return] 9127 bytes of code

  [449498] Deploy::setUp()
    └─ ← [Stop]

  [2429377] Deploy::run()
    ├─ [0] VM::startPrank(0xd5aA2D083642e8Dec06a5e930144d0Af5a97496d)
    │   └─ ← [Return]
    ├─ [152564] 0x807D4778abA870e4222904f5b528F68B350cE0E0::grantRole(0x407fc42eadf1aba68b1d4a8c3c4aa2e8b6beac7957623f3694d0ad77bfb70e06, 0xd5aA2D083642e8Dec06a5e930144d0Af5a97496d)
    │   ├─ [147616] 0x0000000B39b91D795b9975219E228bCb4D33A6A3::grantRole(0x407fc42eadf1aba68b1d4a8c3c4aa2e8b6beac7957623f3694d0ad77bfb70e06, 0xd5aA2D083642e8Dec06a5e930144d0Af5a97496d) [delegatecall]
    │   │   ├─ emit RoleGranted(role: 0x407fc42eadf1aba68b1d4a8c3c4aa2e8b6beac7957623f3694d0ad77bfb70e06, account: 0xd5aA2D083642e8Dec06a5e930144d0Af5a97496d, sender: 0xd5aA2D083642e8Dec06a5e930144d0Af5a97496d)
    │   │   ├─ emit RoleAdded(role: 0x407fc42eadf1aba68b1d4a8c3c4aa2e8b6beac7957623f3694d0ad77bfb70e06)
    │   │   └─ ← [Stop]
    │   └─ ← [Return]
    ├─ [141264] 0x807D4778abA870e4222904f5b528F68B350cE0E0::grantRole(0x6788636e7899d6d227901dc9f8c4c785401c0991724cf908dc65388af686da6f, 0xd5aA2D083642e8Dec06a5e930144d0Af5a97496d)
    │   ├─ [140816] 0x0000000B39b91D795b9975219E228bCb4D33A6A3::grantRole(0x6788636e7899d6d227901dc9f8c4c785401c0991724cf908dc65388af686da6f, 0xd5aA2D083642e8Dec06a5e930144d0Af5a97496d) [delegatecall]
    │   │   ├─ emit RoleGranted(role: 0x6788636e7899d6d227901dc9f8c4c785401c0991724cf908dc65388af686da6f, account: 0xd5aA2D083642e8Dec06a5e930144d0Af5a97496d, sender: 0xd5aA2D083642e8Dec06a5e930144d0Af5a97496d)
    │   │   ├─ emit RoleAdded(role: 0x6788636e7899d6d227901dc9f8c4c785401c0991724cf908dc65388af686da6f)
    │   │   └─ ← [Stop]
    │   └─ ← [Return]
    ├─ [7292] 0x807D4778abA870e4222904f5b528F68B350cE0E0::setQueueLimit(2)
    │   ├─ [6847] 0x0000000B39b91D795b9975219E228bCb4D33A6A3::setQueueLimit(2) [delegatecall]
    │   │   ├─ emit QueueLimitSet(limit: 2)
    │   │   └─ ← [Stop]
    │   └─ ← [Return]
    ├─ [879219] 0x807D4778abA870e4222904f5b528F68B350cE0E0::createQueue(2, false, 0xb7b2ee53731Fc80080ED2906431e08452BC58786, 0xEeeeeEeeeEeEeeEeEeEeeEEEeeeeEeeeeeeeEEeE, 0x)
    │   ├─ [878747] 0x0000000B39b91D795b9975219E228bCb4D33A6A3::createQueue(2, false, 0xb7b2ee53731Fc80080ED2906431e08452BC58786, 0xEeeeeEeeeEeEeeEeEeEeeEEEeeeeEeeeeeeeEEeE, 0x) [delegatecall]
    │   │   ├─ [7701] 0xd65b33625Bb2214ee18545207Ad16CB3342A748a::isSupportedAsset(0xEeeeeEeeeEeEeeEeEeEeeEEEeeeeEeeeeeeeEEeE) [staticcall]
    │   │   │   ├─ [2753] 0x0000000C705B7C7485F62Bc1DF7554fD6EB6C602::isSupportedAsset(0xEeeeeEeeeEeEeeEeEeEeeEEEeeeeEeeeeeeeEEeE) [delegatecall]
    │   │   │   │   └─ ← [Return] true
    │   │   │   └─ ← [Return] true
    │   │   ├─ [794104] 0x7f2F6B155B41F2DD8A8Ea0FbA3b4EA1ceDc6260e::create(2, 0xb7b2ee53731Fc80080ED2906431e08452BC58786, 0x000000000000000000000000eeeeeeeeeeeeeeeeeeeeeeeeeeeeeeeeeeeeeeee000000000000000000000000807d4778aba870e4222904f5b528f68b350ce0e000000000000000000000000000000000000000000000000000000000000000600000000000000000000000000000000000000000000000000000000000000000)
    │   │   │   ├─ [789117] 0x00000008E7c244Fb6FA6Fc1fB5EC53Ec71c34386::create(2, 0xb7b2ee53731Fc80080ED2906431e08452BC58786, 0x000000000000000000000000eeeeeeeeeeeeeeeeeeeeeeeeeeeeeeeeeeeeeeee000000000000000000000000807d4778aba870e4222904f5b528f68b350ce0e000000000000000000000000000000000000000000000000000000000000000600000000000000000000000000000000000000000000000000000000000000000) [delegatecall]
    │   │   │   │   ├─ [693109] → new TransparentUpgradeableProxy@0xD07C5d525824460b180560C1bc07C27A6E04B821
    │   │   │   │   │   ├─ emit Upgraded(implementation: 0x0000000B04E01e31715f4137D664aB402268B9d0)
    │   │   │   │   │   ├─ [139587] 0x0000000B04E01e31715f4137D664aB402268B9d0::initialize(0x000000000000000000000000eeeeeeeeeeeeeeeeeeeeeeeeeeeeeeeeeeeeeeee000000000000000000000000807d4778aba870e4222904f5b528f68b350ce0e000000000000000000000000000000000000000000000000000000000000000600000000000000000000000000000000000000000000000000000000000000000) [delegatecall]
    │   │   │   │   │   │   ├─ emit Initialized(initParams: 0x000000000000000000000000eeeeeeeeeeeeeeeeeeeeeeeeeeeeeeeeeeeeeeee000000000000000000000000807d4778aba870e4222904f5b528f68b350ce0e000000000000000000000000000000000000000000000000000000000000000600000000000000000000000000000000000000000000000000000000000000000)
    │   │   │   │   │   │   ├─ emit Initialized(version: 1)
    │   │   │   │   │   │   └─ ← [Stop]
    │   │   │   │   │   ├─ [236809] → new ProxyAdmin@0x21a7Af7e4B0fbc110dd56A09e1b9F26765e4e115
    │   │   │   │   │   │   ├─ emit OwnershipTransferred(previousOwner: 0x0000000000000000000000000000000000000000, newOwner: 0xb7b2ee53731Fc80080ED2906431e08452BC58786)
    │   │   │   │   │   │   └─ ← [Return] 1063 bytes of code
    │   │   │   │   │   ├─ emit AdminChanged(previousAdmin: 0x0000000000000000000000000000000000000000, newAdmin: ProxyAdmin: [0x21a7Af7e4B0fbc110dd56A09e1b9F26765e4e115])
    │   │   │   │   │   └─ ← [Return] 1159 bytes of code
    │   │   │   │   ├─ emit Created(instance: TransparentUpgradeableProxy: [0xD07C5d525824460b180560C1bc07C27A6E04B821], version: 2, owner: 0xb7b2ee53731Fc80080ED2906431e08452BC58786, initParams: 0x000000000000000000000000eeeeeeeeeeeeeeeeeeeeeeeeeeeeeeeeeeeeeeee000000000000000000000000807d4778aba870e4222904f5b528f68b350ce0e000000000000000000000000000000000000000000000000000000000000000600000000000000000000000000000000000000000000000000000000000000000)
    │   │   │   │   └─ ← [Return] TransparentUpgradeableProxy: [0xD07C5d525824460b180560C1bc07C27A6E04B821]
    │   │   │   └─ ← [Return] TransparentUpgradeableProxy: [0xD07C5d525824460b180560C1bc07C27A6E04B821]
    │   │   ├─ emit QueueCreated(queue: TransparentUpgradeableProxy: [0xD07C5d525824460b180560C1bc07C27A6E04B821], asset: 0xEeeeeEeeeEeEeeEeEeEeeEEEeeeeEeeeeeeeEEeE, isDepositQueue: false)
    │   │   └─ ← [Stop]
    │   └─ ← [Return]
    ├─ [22731] 0x807D4778abA870e4222904f5b528F68B350cE0E0::setQueueStatus(0x88e2641C6d6dACdc451F5d91787d7a58cbc6B6B1, false)
    │   ├─ [22283] 0x0000000B39b91D795b9975219E228bCb4D33A6A3::setQueueStatus(0x88e2641C6d6dACdc451F5d91787d7a58cbc6B6B1, false) [delegatecall]
    │   │   ├─ [7336] 0x88e2641C6d6dACdc451F5d91787d7a58cbc6B6B1::asset() [staticcall]
    │   │   │   ├─ [2391] 0x0000000518eC830D8C3da6056b34A0dfBF9e924d::asset() [delegatecall]
    │   │   │   │   └─ ← [Return] 0xEeeeeEeeeEeEeeEeEeEeeEEEeeeeEeeeeeeeEEeE
    │   │   │   └─ ← [Return] 0xEeeeeEeeeEeEeeEeEeEeeEEEeeeeEeeeeeeeEEeE
    │   │   ├─ emit SetQueueStatus(queue: 0x88e2641C6d6dACdc451F5d91787d7a58cbc6B6B1, isPaused: false)
    │   │   └─ ← [Stop]
    │   └─ ← [Return]
    ├─ [0] VM::stopPrank()
    │   └─ ← [Return]
    ├─ [0] VM::startPrank(0xd5aA2D083642e8Dec06a5e930144d0Af5a97496d)
    │   └─ ← [Return]
    ├─ [150064] 0x06ED1E2167AA7FBf2476c5A2D220Bf702559Dcf8::grantRole(0x407fc42eadf1aba68b1d4a8c3c4aa2e8b6beac7957623f3694d0ad77bfb70e06, 0xd5aA2D083642e8Dec06a5e930144d0Af5a97496d)
    │   ├─ [147616] 0x0000000B39b91D795b9975219E228bCb4D33A6A3::grantRole(0x407fc42eadf1aba68b1d4a8c3c4aa2e8b6beac7957623f3694d0ad77bfb70e06, 0xd5aA2D083642e8Dec06a5e930144d0Af5a97496d) [delegatecall]
    │   │   ├─ emit RoleGranted(role: 0x407fc42eadf1aba68b1d4a8c3c4aa2e8b6beac7957623f3694d0ad77bfb70e06, account: 0xd5aA2D083642e8Dec06a5e930144d0Af5a97496d, sender: 0xd5aA2D083642e8Dec06a5e930144d0Af5a97496d)
    │   │   ├─ emit RoleAdded(role: 0x407fc42eadf1aba68b1d4a8c3c4aa2e8b6beac7957623f3694d0ad77bfb70e06)
    │   │   └─ ← [Stop]
    │   └─ ← [Return]
    ├─ [141264] 0x06ED1E2167AA7FBf2476c5A2D220Bf702559Dcf8::grantRole(0x6788636e7899d6d227901dc9f8c4c785401c0991724cf908dc65388af686da6f, 0xd5aA2D083642e8Dec06a5e930144d0Af5a97496d)
    │   ├─ [140816] 0x0000000B39b91D795b9975219E228bCb4D33A6A3::grantRole(0x6788636e7899d6d227901dc9f8c4c785401c0991724cf908dc65388af686da6f, 0xd5aA2D083642e8Dec06a5e930144d0Af5a97496d) [delegatecall]
    │   │   ├─ emit RoleGranted(role: 0x6788636e7899d6d227901dc9f8c4c785401c0991724cf908dc65388af686da6f, account: 0xd5aA2D083642e8Dec06a5e930144d0Af5a97496d, sender: 0xd5aA2D083642e8Dec06a5e930144d0Af5a97496d)
    │   │   ├─ emit RoleAdded(role: 0x6788636e7899d6d227901dc9f8c4c785401c0991724cf908dc65388af686da6f)
    │   │   └─ ← [Stop]
    │   └─ ← [Return]
    ├─ [7292] 0x06ED1E2167AA7FBf2476c5A2D220Bf702559Dcf8::setQueueLimit(2)
    │   ├─ [6847] 0x0000000B39b91D795b9975219E228bCb4D33A6A3::setQueueLimit(2) [delegatecall]
    │   │   ├─ emit QueueLimitSet(limit: 2)
    │   │   └─ ← [Stop]
    │   └─ ← [Return]
    ├─ [856419] 0x06ED1E2167AA7FBf2476c5A2D220Bf702559Dcf8::createQueue(2, false, 0xb7b2ee53731Fc80080ED2906431e08452BC58786, 0x6a7CD8E1384d49f502b4A4CE9aC9eb320835c5d7, 0x)
    │   ├─ [855947] 0x0000000B39b91D795b9975219E228bCb4D33A6A3::createQueue(2, false, 0xb7b2ee53731Fc80080ED2906431e08452BC58786, 0x6a7CD8E1384d49f502b4A4CE9aC9eb320835c5d7, 0x) [delegatecall]
    │   │   ├─ [5201] 0x06886f9F737999c592e306Aa0090F2d8C2a01C13::isSupportedAsset(0x6a7CD8E1384d49f502b4A4CE9aC9eb320835c5d7) [staticcall]
    │   │   │   ├─ [2753] 0x0000000C705B7C7485F62Bc1DF7554fD6EB6C602::isSupportedAsset(0x6a7CD8E1384d49f502b4A4CE9aC9eb320835c5d7) [delegatecall]
    │   │   │   │   └─ ← [Return] true
    │   │   │   └─ ← [Return] true
    │   │   ├─ [776304] 0x7f2F6B155B41F2DD8A8Ea0FbA3b4EA1ceDc6260e::create(2, 0xb7b2ee53731Fc80080ED2906431e08452BC58786, 0x0000000000000000000000006a7cd8e1384d49f502b4a4ce9ac9eb320835c5d700000000000000000000000006ed1e2167aa7fbf2476c5a2d220bf702559dcf800000000000000000000000000000000000000000000000000000000000000600000000000000000000000000000000000000000000000000000000000000000)
    │   │   │   ├─ [775817] 0x00000008E7c244Fb6FA6Fc1fB5EC53Ec71c34386::create(2, 0xb7b2ee53731Fc80080ED2906431e08452BC58786, 0x0000000000000000000000006a7cd8e1384d49f502b4a4ce9ac9eb320835c5d700000000000000000000000006ed1e2167aa7fbf2476c5a2d220bf702559dcf800000000000000000000000000000000000000000000000000000000000000600000000000000000000000000000000000000000000000000000000000000000) [delegatecall]
    │   │   │   │   ├─ [690609] → new TransparentUpgradeableProxy@0x110D867e90806E0BF09C55D8057bD18cc6b4A8ad
    │   │   │   │   │   ├─ emit Upgraded(implementation: 0x0000000B04E01e31715f4137D664aB402268B9d0)
    │   │   │   │   │   ├─ [139587] 0x0000000B04E01e31715f4137D664aB402268B9d0::initialize(0x0000000000000000000000006a7cd8e1384d49f502b4a4ce9ac9eb320835c5d700000000000000000000000006ed1e2167aa7fbf2476c5a2d220bf702559dcf800000000000000000000000000000000000000000000000000000000000000600000000000000000000000000000000000000000000000000000000000000000) [delegatecall]
    │   │   │   │   │   │   ├─ emit Initialized(initParams: 0x0000000000000000000000006a7cd8e1384d49f502b4a4ce9ac9eb320835c5d700000000000000000000000006ed1e2167aa7fbf2476c5a2d220bf702559dcf800000000000000000000000000000000000000000000000000000000000000600000000000000000000000000000000000000000000000000000000000000000)
    │   │   │   │   │   │   ├─ emit Initialized(version: 1)
    │   │   │   │   │   │   └─ ← [Stop]
    │   │   │   │   │   ├─ [236809] → new ProxyAdmin@0x1C6e82be13C98FC23411DD0519e5CE9735FC0571
    │   │   │   │   │   │   ├─ emit OwnershipTransferred(previousOwner: 0x0000000000000000000000000000000000000000, newOwner: 0xb7b2ee53731Fc80080ED2906431e08452BC58786)
    │   │   │   │   │   │   └─ ← [Return] 1063 bytes of code
    │   │   │   │   │   ├─ emit AdminChanged(previousAdmin: 0x0000000000000000000000000000000000000000, newAdmin: ProxyAdmin: [0x1C6e82be13C98FC23411DD0519e5CE9735FC0571])
    │   │   │   │   │   └─ ← [Return] 1159 bytes of code
    │   │   │   │   ├─ emit Created(instance: TransparentUpgradeableProxy: [0x110D867e90806E0BF09C55D8057bD18cc6b4A8ad], version: 2, owner: 0xb7b2ee53731Fc80080ED2906431e08452BC58786, initParams: 0x0000000000000000000000006a7cd8e1384d49f502b4a4ce9ac9eb320835c5d700000000000000000000000006ed1e2167aa7fbf2476c5a2d220bf702559dcf800000000000000000000000000000000000000000000000000000000000000600000000000000000000000000000000000000000000000000000000000000000)
    │   │   │   │   └─ ← [Return] TransparentUpgradeableProxy: [0x110D867e90806E0BF09C55D8057bD18cc6b4A8ad]
    │   │   │   └─ ← [Return] TransparentUpgradeableProxy: [0x110D867e90806E0BF09C55D8057bD18cc6b4A8ad]
    │   │   ├─ emit QueueCreated(queue: TransparentUpgradeableProxy: [0x110D867e90806E0BF09C55D8057bD18cc6b4A8ad], asset: 0x6a7CD8E1384d49f502b4A4CE9aC9eb320835c5d7, isDepositQueue: false)
    │   │   └─ ← [Stop]
    │   └─ ← [Return]
    ├─ [20231] 0x06ED1E2167AA7FBf2476c5A2D220Bf702559Dcf8::setQueueStatus(0x28413A9D4b25BFff5Cf3322F1013aB3849bf89Ad, false)
    │   ├─ [19783] 0x0000000B39b91D795b9975219E228bCb4D33A6A3::setQueueStatus(0x28413A9D4b25BFff5Cf3322F1013aB3849bf89Ad, false) [delegatecall]
    │   │   ├─ [4836] 0x28413A9D4b25BFff5Cf3322F1013aB3849bf89Ad::asset() [staticcall]
    │   │   │   ├─ [2391] 0x0000000518eC830D8C3da6056b34A0dfBF9e924d::asset() [delegatecall]
    │   │   │   │   └─ ← [Return] 0x6a7CD8E1384d49f502b4A4CE9aC9eb320835c5d7
    │   │   │   └─ ← [Return] 0x6a7CD8E1384d49f502b4A4CE9aC9eb320835c5d7
    │   │   ├─ emit SetQueueStatus(queue: 0x28413A9D4b25BFff5Cf3322F1013aB3849bf89Ad, isPaused: false)
    │   │   └─ ← [Stop]
    │   └─ ← [Return]
    ├─ [0] VM::stopPrank()
    │   └─ ← [Return]
    └─ ← [Revert] ok


info Visit https://yarnpkg.com/en/docs/cli/run for documentation about this command.
