yarn run v1.22.22
$ forge script ./scripts/hyper/Deploy.s.sol:Deploy --fork-url $(grep HYPER_RPC .env | cut -d '=' -f2,3,4,5) --broadcast --slow --verify --verifier sourcify --verifier-url https://sourcify.parsec.finance/verify
Compiling 1 files with Solc 0.8.25
Solc 0.8.25 finished in 4.34s
Compiler run successful!
Script ran successfully.

== Logs ==
  Deployer: 0x4222723BCa5B66b29B26714AB5612434EE49C81c
  Factory implementation: 0x0000000397b71C8f3182Fd40D247330D218fdC72;
  Factory factory: 0x7Ac37D161401d849787ea8245EBDc1cFc97756F9;
  Consensus factory: 0x961894e7489Ac6B663415138297844bFeD0e63F3
  Consensus implementation: 0x0000000167598d2C78E2313fD5328E16bD9A0b13;
  DepositQueue factory: 0xab1a01Cb97Fe5894ba8779247fc7BF8DDa6180f8
  DepositQueue implementation: 0x00000006dA9f179BFE250Dd1c51cD2d3581930c8;
  SignatureDepositQueue implementation: 0xEe77887e0D2E9574E99a4551b6cCE9adED2f76F3;
  FeeManager factory: 0xE6496c481E85B54499caeAF339FD855CF3f5e94C
  FeeManager implementation: 0x0000000dE74e5D51651326E0A3e1ACA94bEAF6E1;
  Oracle factory: 0x614BEF0fAcc82830f6E12249ddE8b3d47b7CE102
  Oracle implementation: 0x0000000F0d3D1c31b72368366A4049C05E291D58;
  RedeemQueue factory: 0x83127bd90976cc1f429BaA3Eb42ae1F18cb690c5
  RedeemQueue implementation: 0x0000000285805eac535DADdb9648F1E10DfdC411;
  SignatureRedeemQueue implementation: 0x1c716e04f9F2d6705339FbbE2209383E49be723a;
  RiskManager factory: 0x7242de8D0e3dAF723b5AeF0C4B207f07c3F81aA5
  RiskManager implementation: 0x0000000714cf2851baC1AE2f41871862e9D216fD;
  ShareManager factory: 0xf54D8433603670334C6ad9D1b9CCa574A14C82c1
  TokenizedShareManager implementation: 0x0000000E8eb7173fA1a3ba60eCA325bcB6aaf378;
  BasicShareManager implementation: 0x00000005564AAE40D88e2F08dA71CBe156767977;
  Subvault factory: 0x71deDd5787aCC3a6f35A88393dd2691b82F14b69
  Subvault implementation: 0x0000000E535B4E063f8372933A55470e67910a66;
  Verifier factory: 0x206f922aE23Dc359E01eF9b041A8F7d15E9DfD70
  Verifier implementation: 0x000000047Fc878662006E78D5174FB4285637966;
  Vault factory: 0xb8F3988f8d81138c73A32302421c6E4532f6836F
  Vault implementation: 0x5eC8936CEF729Ec88fC99a85B16701747A396688;
  BitmaskVerifier: 0x0000000263Fb29C3D6B0C5837883519eF05ea20A;
  ERC20Verifier factory: 0xa885243154F3249AeD2AF50979C8eAe836C7e4F0
  ERC20Verifier: 0x00000009207D366cBB8549837F8Ae4bf800Af2D6;
  VaultConfigurator: 0x7A1C9938CE79F877E8a2164dB129d6Bff4BF72C7;
  BasicRedeeHook: 0x0000000637f1b1ccDA4Af2dB6CDDf5e5Ec45fd93;
  RedirectingDepositHook: 0x00000004d3B17e5391eb571dDb8fDF95646ca827;
  OracleHelper: 0x000000005F543c38d5ea6D0bF10A50974Eb55E35;

## Setting up 1 EVM.

==========================

Chain 998

Estimated gas price: 0.202231351 gwei

Estimated total gas used for script: 58593910

Estimated amount required: 0.01184952557967241 ETH

==========================
