yarn run v1.22.22
$ forge script ./scripts/mezo/Deploy.s.sol:Deploy --fork-url $(grep MEZO_RPC .env | cut -d '=' -f2,3,4,5) --evm-version paris --broadcast --slow --gas-limit 10000000000000000 --etherscan-api-key $(grep ETHERSCAN_API_KEY .env | cut -d '=' -f2) --verify --verifier sourcify -vvv
Compiling 1 files with Solc 0.8.25
Solc 0.8.25 finished in 7.30s
Compiler run successful with warnings:
Warning (2018): Function state mutability can be restricted to pure
   --> src/utils/DeployVaultFactoryRegistry.sol:198:5:
    |
198 |     function validateDeployConfig(IDeployVaultFactory.DeployVaultConfig calldata $) public view {
    |     ^ (Relevant source part starts here and spans across multiple lines).

Script ran successfully.

== Logs ==
  salt 100000000000119531442 | Factory implementation: 0x00000008E7c244Fb6FA6Fc1fB5EC53Ec71c34386;
  salt 100000000000180103728 | Factory factory: 0x000000071a219faa713E719F2DfB458b10dbAED1;
  Consensus factory: 0xE4Db00dCc29966368E8aA966ac75B6FE5B4113D7
  salt 100000000000346014703 | Consensus implementation: 0x000000083a1bE8Aa2Aa5fB244c84A6E410e6ce24;
  DepositQueue factory: 0x664B70AE0a01D9beF57c2Eb64664B0CFB055A461
  salt 100000000000850067377 | DepositQueue implementation: 0x0000000518eC830D8C3da6056b34A0dfBF9e924d;
  salt 100000000001214986604 | SignatureDepositQueue implementation: 0x00000006A03A937E4B316F02a5130e4FB0B22Dea;
  FeeManager factory: 0x4b2b12a33e260ef35e84687860785d263EfF5172
  salt 100000000001610578898 | FeeManager implementation: 0x0000000df5Cff487723b8D8c58eD5C336d8a2317;
  Oracle factory: 0xbb7e4da67Fe8E66AB4AE8EAb2999e731DA364492
  salt 100000000001818426988 | Oracle implementation: 0x0000000C705B7C7485F62Bc1DF7554fD6EB6C602;
  RedeemQueue factory: 0x7f2F6B155B41F2DD8A8Ea0FbA3b4EA1ceDc6260e
  salt 100000000001850379145 | RedeemQueue implementation: 0x00000000d06959064b28a46970497923f8834B16;
  salt 100000000002024539654 | SignatureRedeemQueue implementation: 0x000000004a3F4ff856e7cb47A0ae8aDe6d133cFB;
  RiskManager factory: 0x902266fE38DD8Eee290987490bD57537c82007a1
  salt 100000000002040112123 | RiskManager implementation: 0x0000000A7a10ea335C54E03220cfAe92310b2465;
  ShareManager factory: 0x6C3BB5478fD189DCf35Fb3a4b56015163392AA35
  salt 100000000002144163511 | TokenizedShareManager implementation: 0x000000071F09E877c469749c093d09FB17896D6c;
  salt 100000000002372420840 | BasicShareManager implementation: 0x00000008be96121073931e2b6Da8f5711a52097d;
  Subvault factory: 0x3B62CaA341fA0535a479B394c2f6EA28ee8fA449
  salt 100000000002494870781 | Subvault implementation: 0x0000000585bE8a415f9edCdC3C56472625BB2E02;
  Verifier factory: 0xbc1468D587DaEE3023E2b41Cc642643AF3221178
  salt 100000000002663510290 | Verifier implementation: 0x000000097bD869258523A17D1e9836E71Ef8aB2A;
  Vault factory: 0x5310AD84B0cd3Af376C751EAb81ceE414bD442d8
  salt 100000000003082218648 | Vault implementation: 0x0000000B39b91D795b9975219E228bCb4D33A6A3;
  salt 100000000003662223323 | BitmaskVerifier: 0x0000000819BA998E0Dfe0DAfdd6B23dBf103314D;
  ERC20Verifier factory: 0x0d634B6e35368b8954C53b38aDF72716a16667FA
  salt 100000000004236880479 | ERC20Verifier: 0x000000038Cd2281fe3C651A8B9C2380Ea15f2c87;
  salt 100000000004509193426 | VaultConfigurator: 0x00000000f731118c52AeA768c1ac22CEcA7e3b8D;
  salt 100000000004757066353 | BasicRedeeHook: 0x0000000887657b16F0dc7EFbb2be9EA77cEDF16c;
  salt 100000000004846412463 | RedirectingDepositHook: 0x0000000B77FC23f6F0f4c51238D6e1c76DefBFdb;
  salt 100000000005461130707 | OracleHelper: 0x00000002FC616d31133ab9AD626E43a94674D5B6;
  salt 100000000006343023227 | OracleSubmitterFactory: 0x00000007AA9Bd15F538a2d1D68A2aCFE8D09BFd0;
  salt 100000000007102853554 | DeployVaultFactoryRegistry: 0x000000020893B447c2c13E4A8e5abCF5E7c09AeA;
  salt 100000000007182178015 | DeployVaultFactory: 0x0000000bd67D6538614668EFe27aF3f17A3031dd;

## Setting up 1 EVM.

==========================

Chain 31612

Estimated gas price: 0.0027625 gwei

Estimated total gas used for script: 74472202

Estimated amount required: 0.000205729458025 ETH

==========================


==========================

ONCHAIN EXECUTION COMPLETE & SUCCESSFUL.
##
Start verification for (47) contracts
Start verifying contract `0x00000008E7c244Fb6FA6Fc1fB5EC53Ec71c34386` deployed on 31612
EVM version: paris
Compiler version: 0.8.25
Optimizations:    200
Constructor args: 0000000000000000000000000000000000000000000000000000000000000040000000000000000000000000000000000000000000000000000000000000000100000000000000000000000000000000000000000000000000000000000000064d656c6c6f770000000000000000000000000000000000000000000000000000
Attempting to verify on Sourcify. Pass the --etherscan-api-key <API_KEY> to verify on Etherscan, or use the --verifier flag to verify on another provider.

Submitting verification for [Factory] "0x00000008E7c244Fb6FA6Fc1fB5EC53Ec71c34386".
Contract successfully verified
Start verifying contract `0x000000071a219faa713E719F2DfB458b10dbAED1` deployed on 31612
EVM version: paris
Compiler version: 0.8.25
Optimizations:    200
Constructor args: 00000000000000000000000000000008e7c244fb6fa6fc1fb5ec53ec71c34386000000000000000000000000affae6697ca8b35f397fa2993b03cd9f506ddd1700000000000000000000000000000000000000000000000000000000000000600000000000000000000000000000000000000000000000000000000000000064439fab91000000000000000000000000000000000000000000000000000000000000002000000000000000000000000000000000000000000000000000000000000000200000000000000000000000004d551d74e851bd93ce44d5f588ba14623249cdda00000000000000000000000000000000000000000000000000000000
Attempting to verify on Sourcify. Pass the --etherscan-api-key <API_KEY> to verify on Etherscan, or use the --verifier flag to verify on another provider.

Submitting verification for [TransparentUpgradeableProxy] "0x000000071a219faa713E719F2DfB458b10dbAED1".
Contract successfully verified
Start verifying contract `0x45650Dc2eB8D5056886bCD8ca3989737E00e709e` deployed on 31612
EVM version: paris
Compiler version: 0.8.25
Optimizations:    200
Constructor args: 000000000000000000000000affae6697ca8b35f397fa2993b03cd9f506ddd17
Attempting to verify on Sourcify. Pass the --etherscan-api-key <API_KEY> to verify on Etherscan, or use the --verifier flag to verify on another provider.

Submitting verification for [ProxyAdmin] "0x45650Dc2eB8D5056886bCD8ca3989737E00e709e".
Contract successfully verified
Start verifying contract `0xE4Db00dCc29966368E8aA966ac75B6FE5B4113D7` deployed on 31612
EVM version: paris
Compiler version: 0.8.25
Optimizations:    200
Constructor args: 00000000000000000000000000000008e7c244fb6fa6fc1fb5ec53ec71c34386000000000000000000000000affae6697ca8b35f397fa2993b03cd9f506ddd1700000000000000000000000000000000000000000000000000000000000000600000000000000000000000000000000000000000000000000000000000000064439fab91000000000000000000000000000000000000000000000000000000000000002000000000000000000000000000000000000000000000000000000000000000200000000000000000000000004d551d74e851bd93ce44d5f588ba14623249cdda00000000000000000000000000000000000000000000000000000000
Attempting to verify on Sourcify. Pass the --etherscan-api-key <API_KEY> to verify on Etherscan, or use the --verifier flag to verify on another provider.

Submitting verification for [TransparentUpgradeableProxy] "0xE4Db00dCc29966368E8aA966ac75B6FE5B4113D7".
Contract successfully verified
Start verifying contract `0x77080044eBBD8aFE2Ec4b54aeDDd0d5A56592ECC` deployed on 31612
EVM version: paris
Compiler version: 0.8.25
Optimizations:    200
Constructor args: 000000000000000000000000affae6697ca8b35f397fa2993b03cd9f506ddd17
Attempting to verify on Sourcify. Pass the --etherscan-api-key <API_KEY> to verify on Etherscan, or use the --verifier flag to verify on another provider.

Submitting verification for [ProxyAdmin] "0x77080044eBBD8aFE2Ec4b54aeDDd0d5A56592ECC".
Contract successfully verified
Start verifying contract `0x000000083a1bE8Aa2Aa5fB244c84A6E410e6ce24` deployed on 31612
EVM version: paris
Compiler version: 0.8.25
Optimizations:    200
Constructor args: 0000000000000000000000000000000000000000000000000000000000000040000000000000000000000000000000000000000000000000000000000000000100000000000000000000000000000000000000000000000000000000000000064d656c6c6f770000000000000000000000000000000000000000000000000000
Attempting to verify on Sourcify. Pass the --etherscan-api-key <API_KEY> to verify on Etherscan, or use the --verifier flag to verify on another provider.

Submitting verification for [Consensus] "0x000000083a1bE8Aa2Aa5fB244c84A6E410e6ce24".
Contract successfully verified
Start verifying contract `0x664B70AE0a01D9beF57c2Eb64664B0CFB055A461` deployed on 31612
EVM version: paris
Compiler version: 0.8.25
Optimizations:    200
Constructor args: 00000000000000000000000000000008e7c244fb6fa6fc1fb5ec53ec71c34386000000000000000000000000affae6697ca8b35f397fa2993b03cd9f506ddd1700000000000000000000000000000000000000000000000000000000000000600000000000000000000000000000000000000000000000000000000000000064439fab91000000000000000000000000000000000000000000000000000000000000002000000000000000000000000000000000000000000000000000000000000000200000000000000000000000004d551d74e851bd93ce44d5f588ba14623249cdda00000000000000000000000000000000000000000000000000000000
Attempting to verify on Sourcify. Pass the --etherscan-api-key <API_KEY> to verify on Etherscan, or use the --verifier flag to verify on another provider.

Submitting verification for [TransparentUpgradeableProxy] "0x664B70AE0a01D9beF57c2Eb64664B0CFB055A461".
Contract successfully verified
Start verifying contract `0x296C419753D85719e2CCA1095Bac5A31B787437b` deployed on 31612
EVM version: paris
Compiler version: 0.8.25
Optimizations:    200
Constructor args: 000000000000000000000000affae6697ca8b35f397fa2993b03cd9f506ddd17
Attempting to verify on Sourcify. Pass the --etherscan-api-key <API_KEY> to verify on Etherscan, or use the --verifier flag to verify on another provider.

Submitting verification for [ProxyAdmin] "0x296C419753D85719e2CCA1095Bac5A31B787437b".
Contract successfully verified
Start verifying contract `0x0000000518eC830D8C3da6056b34A0dfBF9e924d` deployed on 31612
EVM version: paris
Compiler version: 0.8.25
Optimizations:    200
Constructor args: 0000000000000000000000000000000000000000000000000000000000000040000000000000000000000000000000000000000000000000000000000000000100000000000000000000000000000000000000000000000000000000000000064d656c6c6f770000000000000000000000000000000000000000000000000000
Attempting to verify on Sourcify. Pass the --etherscan-api-key <API_KEY> to verify on Etherscan, or use the --verifier flag to verify on another provider.

Submitting verification for [DepositQueue] "0x0000000518eC830D8C3da6056b34A0dfBF9e924d".
Contract successfully verified
Start verifying contract `0x00000006A03A937E4B316F02a5130e4FB0B22Dea` deployed on 31612
EVM version: paris
Compiler version: 0.8.25
Optimizations:    200
Constructor args: 00000000000000000000000000000000000000000000000000000000000000600000000000000000000000000000000000000000000000000000000000000001000000000000000000000000e4db00dcc29966368e8aa966ac75b6fe5b4113d700000000000000000000000000000000000000000000000000000000000000064d656c6c6f770000000000000000000000000000000000000000000000000000
Attempting to verify on Sourcify. Pass the --etherscan-api-key <API_KEY> to verify on Etherscan, or use the --verifier flag to verify on another provider.

Submitting verification for [SignatureDepositQueue] "0x00000006A03A937E4B316F02a5130e4FB0B22Dea".
Contract successfully verified
Start verifying contract `0x4b2b12a33e260ef35e84687860785d263EfF5172` deployed on 31612
EVM version: paris
Compiler version: 0.8.25
Optimizations:    200
Constructor args: 00000000000000000000000000000008e7c244fb6fa6fc1fb5ec53ec71c34386000000000000000000000000affae6697ca8b35f397fa2993b03cd9f506ddd1700000000000000000000000000000000000000000000000000000000000000600000000000000000000000000000000000000000000000000000000000000064439fab91000000000000000000000000000000000000000000000000000000000000002000000000000000000000000000000000000000000000000000000000000000200000000000000000000000004d551d74e851bd93ce44d5f588ba14623249cdda00000000000000000000000000000000000000000000000000000000
Attempting to verify on Sourcify. Pass the --etherscan-api-key <API_KEY> to verify on Etherscan, or use the --verifier flag to verify on another provider.

Submitting verification for [TransparentUpgradeableProxy] "0x4b2b12a33e260ef35e84687860785d263EfF5172".
Contract successfully verified
Start verifying contract `0x7e7224acAfEF79931B9d7746FcDd2CA36437791c` deployed on 31612
EVM version: paris
Compiler version: 0.8.25
Optimizations:    200
Constructor args: 000000000000000000000000affae6697ca8b35f397fa2993b03cd9f506ddd17
Attempting to verify on Sourcify. Pass the --etherscan-api-key <API_KEY> to verify on Etherscan, or use the --verifier flag to verify on another provider.

Submitting verification for [ProxyAdmin] "0x7e7224acAfEF79931B9d7746FcDd2CA36437791c".
Contract successfully verified
Start verifying contract `0x0000000df5Cff487723b8D8c58eD5C336d8a2317` deployed on 31612
EVM version: paris
Compiler version: 0.8.25
Optimizations:    200
Constructor args: 0000000000000000000000000000000000000000000000000000000000000040000000000000000000000000000000000000000000000000000000000000000100000000000000000000000000000000000000000000000000000000000000064d656c6c6f770000000000000000000000000000000000000000000000000000
Attempting to verify on Sourcify. Pass the --etherscan-api-key <API_KEY> to verify on Etherscan, or use the --verifier flag to verify on another provider.

Submitting verification for [FeeManager] "0x0000000df5Cff487723b8D8c58eD5C336d8a2317".
Contract successfully verified
Start verifying contract `0xbb7e4da67Fe8E66AB4AE8EAb2999e731DA364492` deployed on 31612
EVM version: paris
Compiler version: 0.8.25
Optimizations:    200
Constructor args: 00000000000000000000000000000008e7c244fb6fa6fc1fb5ec53ec71c34386000000000000000000000000affae6697ca8b35f397fa2993b03cd9f506ddd1700000000000000000000000000000000000000000000000000000000000000600000000000000000000000000000000000000000000000000000000000000064439fab91000000000000000000000000000000000000000000000000000000000000002000000000000000000000000000000000000000000000000000000000000000200000000000000000000000004d551d74e851bd93ce44d5f588ba14623249cdda00000000000000000000000000000000000000000000000000000000
Attempting to verify on Sourcify. Pass the --etherscan-api-key <API_KEY> to verify on Etherscan, or use the --verifier flag to verify on another provider.

Submitting verification for [TransparentUpgradeableProxy] "0xbb7e4da67Fe8E66AB4AE8EAb2999e731DA364492".
Contract successfully verified
Start verifying contract `0xfF3ab23Df356888478290Ce321176C29579a36c2` deployed on 31612
EVM version: paris
Compiler version: 0.8.25
Optimizations:    200
Constructor args: 000000000000000000000000affae6697ca8b35f397fa2993b03cd9f506ddd17
Attempting to verify on Sourcify. Pass the --etherscan-api-key <API_KEY> to verify on Etherscan, or use the --verifier flag to verify on another provider.

Submitting verification for [ProxyAdmin] "0xfF3ab23Df356888478290Ce321176C29579a36c2".
Contract successfully verified
Start verifying contract `0x0000000C705B7C7485F62Bc1DF7554fD6EB6C602` deployed on 31612
EVM version: paris
Compiler version: 0.8.25
Optimizations:    200
Constructor args: 0000000000000000000000000000000000000000000000000000000000000040000000000000000000000000000000000000000000000000000000000000000100000000000000000000000000000000000000000000000000000000000000064d656c6c6f770000000000000000000000000000000000000000000000000000
Attempting to verify on Sourcify. Pass the --etherscan-api-key <API_KEY> to verify on Etherscan, or use the --verifier flag to verify on another provider.

Submitting verification for [Oracle] "0x0000000C705B7C7485F62Bc1DF7554fD6EB6C602".
Contract successfully verified
Start verifying contract `0x7f2F6B155B41F2DD8A8Ea0FbA3b4EA1ceDc6260e` deployed on 31612
EVM version: paris
Compiler version: 0.8.25
Optimizations:    200
Constructor args: 00000000000000000000000000000008e7c244fb6fa6fc1fb5ec53ec71c34386000000000000000000000000affae6697ca8b35f397fa2993b03cd9f506ddd1700000000000000000000000000000000000000000000000000000000000000600000000000000000000000000000000000000000000000000000000000000064439fab91000000000000000000000000000000000000000000000000000000000000002000000000000000000000000000000000000000000000000000000000000000200000000000000000000000004d551d74e851bd93ce44d5f588ba14623249cdda00000000000000000000000000000000000000000000000000000000
Attempting to verify on Sourcify. Pass the --etherscan-api-key <API_KEY> to verify on Etherscan, or use the --verifier flag to verify on another provider.

Submitting verification for [TransparentUpgradeableProxy] "0x7f2F6B155B41F2DD8A8Ea0FbA3b4EA1ceDc6260e".
Contract successfully verified
Start verifying contract `0x4A40da91deE733CcfBee1ab42830660C91a815CF` deployed on 31612
EVM version: paris
Compiler version: 0.8.25
Optimizations:    200
Constructor args: 000000000000000000000000affae6697ca8b35f397fa2993b03cd9f506ddd17
Attempting to verify on Sourcify. Pass the --etherscan-api-key <API_KEY> to verify on Etherscan, or use the --verifier flag to verify on another provider.

Submitting verification for [ProxyAdmin] "0x4A40da91deE733CcfBee1ab42830660C91a815CF".
Contract successfully verified
Start verifying contract `0x00000000d06959064b28a46970497923f8834B16` deployed on 31612
EVM version: paris
Compiler version: 0.8.25
Optimizations:    200
Constructor args: 0000000000000000000000000000000000000000000000000000000000000040000000000000000000000000000000000000000000000000000000000000000100000000000000000000000000000000000000000000000000000000000000064d656c6c6f770000000000000000000000000000000000000000000000000000
Attempting to verify on Sourcify. Pass the --etherscan-api-key <API_KEY> to verify on Etherscan, or use the --verifier flag to verify on another provider.

Submitting verification for [RedeemQueue] "0x00000000d06959064b28a46970497923f8834B16".
Contract successfully verified
Start verifying contract `0x000000004a3F4ff856e7cb47A0ae8aDe6d133cFB` deployed on 31612
EVM version: paris
Compiler version: 0.8.25
Optimizations:    200
Constructor args: 00000000000000000000000000000000000000000000000000000000000000600000000000000000000000000000000000000000000000000000000000000001000000000000000000000000e4db00dcc29966368e8aa966ac75b6fe5b4113d700000000000000000000000000000000000000000000000000000000000000064d656c6c6f770000000000000000000000000000000000000000000000000000
Attempting to verify on Sourcify. Pass the --etherscan-api-key <API_KEY> to verify on Etherscan, or use the --verifier flag to verify on another provider.

Submitting verification for [SignatureRedeemQueue] "0x000000004a3F4ff856e7cb47A0ae8aDe6d133cFB".
Contract successfully verified
Start verifying contract `0x902266fE38DD8Eee290987490bD57537c82007a1` deployed on 31612
EVM version: paris
Compiler version: 0.8.25
Optimizations:    200
Constructor args: 00000000000000000000000000000008e7c244fb6fa6fc1fb5ec53ec71c34386000000000000000000000000affae6697ca8b35f397fa2993b03cd9f506ddd1700000000000000000000000000000000000000000000000000000000000000600000000000000000000000000000000000000000000000000000000000000064439fab91000000000000000000000000000000000000000000000000000000000000002000000000000000000000000000000000000000000000000000000000000000200000000000000000000000004d551d74e851bd93ce44d5f588ba14623249cdda00000000000000000000000000000000000000000000000000000000
Attempting to verify on Sourcify. Pass the --etherscan-api-key <API_KEY> to verify on Etherscan, or use the --verifier flag to verify on another provider.

Submitting verification for [TransparentUpgradeableProxy] "0x902266fE38DD8Eee290987490bD57537c82007a1".
Contract successfully verified
Start verifying contract `0x95dDC199723011995B3b1A853E203b12e4B4Be95` deployed on 31612
EVM version: paris
Compiler version: 0.8.25
Optimizations:    200
Constructor args: 000000000000000000000000affae6697ca8b35f397fa2993b03cd9f506ddd17
Attempting to verify on Sourcify. Pass the --etherscan-api-key <API_KEY> to verify on Etherscan, or use the --verifier flag to verify on another provider.

Submitting verification for [ProxyAdmin] "0x95dDC199723011995B3b1A853E203b12e4B4Be95".
Contract successfully verified
Start verifying contract `0x0000000A7a10ea335C54E03220cfAe92310b2465` deployed on 31612
EVM version: paris
Compiler version: 0.8.25
Optimizations:    200
Constructor args: 0000000000000000000000000000000000000000000000000000000000000040000000000000000000000000000000000000000000000000000000000000000100000000000000000000000000000000000000000000000000000000000000064d656c6c6f770000000000000000000000000000000000000000000000000000
Attempting to verify on Sourcify. Pass the --etherscan-api-key <API_KEY> to verify on Etherscan, or use the --verifier flag to verify on another provider.

Submitting verification for [RiskManager] "0x0000000A7a10ea335C54E03220cfAe92310b2465".
Contract successfully verified
Start verifying contract `0x6C3BB5478fD189DCf35Fb3a4b56015163392AA35` deployed on 31612
EVM version: paris
Compiler version: 0.8.25
Optimizations:    200
Constructor args: 00000000000000000000000000000008e7c244fb6fa6fc1fb5ec53ec71c34386000000000000000000000000affae6697ca8b35f397fa2993b03cd9f506ddd1700000000000000000000000000000000000000000000000000000000000000600000000000000000000000000000000000000000000000000000000000000064439fab91000000000000000000000000000000000000000000000000000000000000002000000000000000000000000000000000000000000000000000000000000000200000000000000000000000004d551d74e851bd93ce44d5f588ba14623249cdda00000000000000000000000000000000000000000000000000000000
Attempting to verify on Sourcify. Pass the --etherscan-api-key <API_KEY> to verify on Etherscan, or use the --verifier flag to verify on another provider.

Submitting verification for [TransparentUpgradeableProxy] "0x6C3BB5478fD189DCf35Fb3a4b56015163392AA35".
Contract successfully verified
Start verifying contract `0x0E40C8d2908c770f69B323861f4f03123F2A0dF5` deployed on 31612
EVM version: paris
Compiler version: 0.8.25
Optimizations:    200
Constructor args: 000000000000000000000000affae6697ca8b35f397fa2993b03cd9f506ddd17
Attempting to verify on Sourcify. Pass the --etherscan-api-key <API_KEY> to verify on Etherscan, or use the --verifier flag to verify on another provider.

Submitting verification for [ProxyAdmin] "0x0E40C8d2908c770f69B323861f4f03123F2A0dF5".
Contract successfully verified
Start verifying contract `0x000000071F09E877c469749c093d09FB17896D6c` deployed on 31612
EVM version: paris
Compiler version: 0.8.25
Optimizations:    200
Constructor args: 0000000000000000000000000000000000000000000000000000000000000040000000000000000000000000000000000000000000000000000000000000000100000000000000000000000000000000000000000000000000000000000000064d656c6c6f770000000000000000000000000000000000000000000000000000
Attempting to verify on Sourcify. Pass the --etherscan-api-key <API_KEY> to verify on Etherscan, or use the --verifier flag to verify on another provider.

Submitting verification for [TokenizedShareManager] "0x000000071F09E877c469749c093d09FB17896D6c".
Contract successfully verified
Start verifying contract `0x00000008be96121073931e2b6Da8f5711a52097d` deployed on 31612
EVM version: paris
Compiler version: 0.8.25
Optimizations:    200
Constructor args: 0000000000000000000000000000000000000000000000000000000000000040000000000000000000000000000000000000000000000000000000000000000100000000000000000000000000000000000000000000000000000000000000064d656c6c6f770000000000000000000000000000000000000000000000000000
Attempting to verify on Sourcify. Pass the --etherscan-api-key <API_KEY> to verify on Etherscan, or use the --verifier flag to verify on another provider.

Submitting verification for [BasicShareManager] "0x00000008be96121073931e2b6Da8f5711a52097d".
Contract successfully verified
Start verifying contract `0x3B62CaA341fA0535a479B394c2f6EA28ee8fA449` deployed on 31612
EVM version: paris
Compiler version: 0.8.25
Optimizations:    200
Constructor args: 00000000000000000000000000000008e7c244fb6fa6fc1fb5ec53ec71c34386000000000000000000000000affae6697ca8b35f397fa2993b03cd9f506ddd1700000000000000000000000000000000000000000000000000000000000000600000000000000000000000000000000000000000000000000000000000000064439fab91000000000000000000000000000000000000000000000000000000000000002000000000000000000000000000000000000000000000000000000000000000200000000000000000000000004d551d74e851bd93ce44d5f588ba14623249cdda00000000000000000000000000000000000000000000000000000000
Attempting to verify on Sourcify. Pass the --etherscan-api-key <API_KEY> to verify on Etherscan, or use the --verifier flag to verify on another provider.

Submitting verification for [TransparentUpgradeableProxy] "0x3B62CaA341fA0535a479B394c2f6EA28ee8fA449".
Contract successfully verified
Start verifying contract `0x87A6a31fe3C2e50679970Cf18E9D2d722570ff68` deployed on 31612
EVM version: paris
Compiler version: 0.8.25
Optimizations:    200
Constructor args: 000000000000000000000000affae6697ca8b35f397fa2993b03cd9f506ddd17
Attempting to verify on Sourcify. Pass the --etherscan-api-key <API_KEY> to verify on Etherscan, or use the --verifier flag to verify on another provider.

Submitting verification for [ProxyAdmin] "0x87A6a31fe3C2e50679970Cf18E9D2d722570ff68".
Contract successfully verified
Start verifying contract `0x0000000585bE8a415f9edCdC3C56472625BB2E02` deployed on 31612
EVM version: paris
Compiler version: 0.8.25
Optimizations:    200
Constructor args: 0000000000000000000000000000000000000000000000000000000000000040000000000000000000000000000000000000000000000000000000000000000100000000000000000000000000000000000000000000000000000000000000064d656c6c6f770000000000000000000000000000000000000000000000000000
Attempting to verify on Sourcify. Pass the --etherscan-api-key <API_KEY> to verify on Etherscan, or use the --verifier flag to verify on another provider.

Submitting verification for [Subvault] "0x0000000585bE8a415f9edCdC3C56472625BB2E02".
Contract successfully verified
Start verifying contract `0xbc1468D587DaEE3023E2b41Cc642643AF3221178` deployed on 31612
EVM version: paris
Compiler version: 0.8.25
Optimizations:    200
Constructor args: 00000000000000000000000000000008e7c244fb6fa6fc1fb5ec53ec71c34386000000000000000000000000affae6697ca8b35f397fa2993b03cd9f506ddd1700000000000000000000000000000000000000000000000000000000000000600000000000000000000000000000000000000000000000000000000000000064439fab91000000000000000000000000000000000000000000000000000000000000002000000000000000000000000000000000000000000000000000000000000000200000000000000000000000004d551d74e851bd93ce44d5f588ba14623249cdda00000000000000000000000000000000000000000000000000000000
Attempting to verify on Sourcify. Pass the --etherscan-api-key <API_KEY> to verify on Etherscan, or use the --verifier flag to verify on another provider.

Submitting verification for [TransparentUpgradeableProxy] "0xbc1468D587DaEE3023E2b41Cc642643AF3221178".
Contract successfully verified
Start verifying contract `0x0cC8e83B9A5be5e949e3e3a91d69eb23B12cA5D4` deployed on 31612
EVM version: paris
Compiler version: 0.8.25
Optimizations:    200
Constructor args: 000000000000000000000000affae6697ca8b35f397fa2993b03cd9f506ddd17
Attempting to verify on Sourcify. Pass the --etherscan-api-key <API_KEY> to verify on Etherscan, or use the --verifier flag to verify on another provider.

Submitting verification for [ProxyAdmin] "0x0cC8e83B9A5be5e949e3e3a91d69eb23B12cA5D4".
Contract successfully verified
Start verifying contract `0x000000097bD869258523A17D1e9836E71Ef8aB2A` deployed on 31612
EVM version: paris
Compiler version: 0.8.25
Optimizations:    200
Constructor args: 0000000000000000000000000000000000000000000000000000000000000040000000000000000000000000000000000000000000000000000000000000000100000000000000000000000000000000000000000000000000000000000000064d656c6c6f770000000000000000000000000000000000000000000000000000
Attempting to verify on Sourcify. Pass the --etherscan-api-key <API_KEY> to verify on Etherscan, or use the --verifier flag to verify on another provider.

Submitting verification for [Verifier] "0x000000097bD869258523A17D1e9836E71Ef8aB2A".
Contract successfully verified
Start verifying contract `0x5310AD84B0cd3Af376C751EAb81ceE414bD442d8` deployed on 31612
EVM version: paris
Compiler version: 0.8.25
Optimizations:    200
Constructor args: 00000000000000000000000000000008e7c244fb6fa6fc1fb5ec53ec71c34386000000000000000000000000affae6697ca8b35f397fa2993b03cd9f506ddd1700000000000000000000000000000000000000000000000000000000000000600000000000000000000000000000000000000000000000000000000000000064439fab91000000000000000000000000000000000000000000000000000000000000002000000000000000000000000000000000000000000000000000000000000000200000000000000000000000004d551d74e851bd93ce44d5f588ba14623249cdda00000000000000000000000000000000000000000000000000000000
Attempting to verify on Sourcify. Pass the --etherscan-api-key <API_KEY> to verify on Etherscan, or use the --verifier flag to verify on another provider.

Submitting verification for [TransparentUpgradeableProxy] "0x5310AD84B0cd3Af376C751EAb81ceE414bD442d8".
Contract successfully verified
Start verifying contract `0xAbe3fF740F1aFB3E60fFa8D2A8Fe568bBC1C8c54` deployed on 31612
EVM version: paris
Compiler version: 0.8.25
Optimizations:    200
Constructor args: 000000000000000000000000affae6697ca8b35f397fa2993b03cd9f506ddd17
Attempting to verify on Sourcify. Pass the --etherscan-api-key <API_KEY> to verify on Etherscan, or use the --verifier flag to verify on another provider.

Submitting verification for [ProxyAdmin] "0xAbe3fF740F1aFB3E60fFa8D2A8Fe568bBC1C8c54".
Contract successfully verified
Start verifying contract `0x0000000B39b91D795b9975219E228bCb4D33A6A3` deployed on 31612
EVM version: paris
Compiler version: 0.8.25
Optimizations:    200
Constructor args: 00000000000000000000000000000000000000000000000000000000000000c00000000000000000000000000000000000000000000000000000000000000001000000000000000000000000664b70ae0a01d9bef57c2eb64664b0cfb055a4610000000000000000000000007f2f6b155b41f2dd8a8ea0fba3b4ea1cedc6260e0000000000000000000000003b62caa341fa0535a479b394c2f6ea28ee8fa449000000000000000000000000bc1468d587daee3023e2b41cc642643af322117800000000000000000000000000000000000000000000000000000000000000064d656c6c6f770000000000000000000000000000000000000000000000000000
Attempting to verify on Sourcify. Pass the --etherscan-api-key <API_KEY> to verify on Etherscan, or use the --verifier flag to verify on another provider.

Submitting verification for [Vault] "0x0000000B39b91D795b9975219E228bCb4D33A6A3".
Contract successfully verified
Start verifying contract `0x0000000819BA998E0Dfe0DAfdd6B23dBf103314D` deployed on 31612
EVM version: paris
Compiler version: 0.8.25
Optimizations:    200
Attempting to verify on Sourcify. Pass the --etherscan-api-key <API_KEY> to verify on Etherscan, or use the --verifier flag to verify on another provider.

Submitting verification for [BitmaskVerifier] "0x0000000819BA998E0Dfe0DAfdd6B23dBf103314D".
Contract successfully verified
Start verifying contract `0x0d634B6e35368b8954C53b38aDF72716a16667FA` deployed on 31612
EVM version: paris
Compiler version: 0.8.25
Optimizations:    200
Constructor args: 00000000000000000000000000000008e7c244fb6fa6fc1fb5ec53ec71c34386000000000000000000000000affae6697ca8b35f397fa2993b03cd9f506ddd1700000000000000000000000000000000000000000000000000000000000000600000000000000000000000000000000000000000000000000000000000000064439fab91000000000000000000000000000000000000000000000000000000000000002000000000000000000000000000000000000000000000000000000000000000200000000000000000000000004d551d74e851bd93ce44d5f588ba14623249cdda00000000000000000000000000000000000000000000000000000000
Attempting to verify on Sourcify. Pass the --etherscan-api-key <API_KEY> to verify on Etherscan, or use the --verifier flag to verify on another provider.

Submitting verification for [TransparentUpgradeableProxy] "0x0d634B6e35368b8954C53b38aDF72716a16667FA".
Contract successfully verified
Start verifying contract `0xE6f1be5F910fdE62F53C8A3C28cA79B00503E3aa` deployed on 31612
EVM version: paris
Compiler version: 0.8.25
Optimizations:    200
Constructor args: 000000000000000000000000affae6697ca8b35f397fa2993b03cd9f506ddd17
Attempting to verify on Sourcify. Pass the --etherscan-api-key <API_KEY> to verify on Etherscan, or use the --verifier flag to verify on another provider.

Submitting verification for [ProxyAdmin] "0xE6f1be5F910fdE62F53C8A3C28cA79B00503E3aa".
Contract successfully verified
Start verifying contract `0x000000038Cd2281fe3C651A8B9C2380Ea15f2c87` deployed on 31612
EVM version: paris
Compiler version: 0.8.25
Optimizations:    200
Constructor args: 0000000000000000000000000000000000000000000000000000000000000040000000000000000000000000000000000000000000000000000000000000000100000000000000000000000000000000000000000000000000000000000000064d656c6c6f770000000000000000000000000000000000000000000000000000
Attempting to verify on Sourcify. Pass the --etherscan-api-key <API_KEY> to verify on Etherscan, or use the --verifier flag to verify on another provider.

Submitting verification for [ERC20Verifier] "0x000000038Cd2281fe3C651A8B9C2380Ea15f2c87".
Contract successfully verified
Start verifying contract `0x00000000f731118c52AeA768c1ac22CEcA7e3b8D` deployed on 31612
EVM version: paris
Compiler version: 0.8.25
Optimizations:    200
Constructor args: 0000000000000000000000006c3bb5478fd189dcf35fb3a4b56015163392aa350000000000000000000000004b2b12a33e260ef35e84687860785d263eff5172000000000000000000000000902266fe38dd8eee290987490bd57537c82007a1000000000000000000000000bb7e4da67fe8e66ab4ae8eab2999e731da3644920000000000000000000000005310ad84b0cd3af376c751eab81cee414bd442d8
Attempting to verify on Sourcify. Pass the --etherscan-api-key <API_KEY> to verify on Etherscan, or use the --verifier flag to verify on another provider.

Submitting verification for [VaultConfigurator] "0x00000000f731118c52AeA768c1ac22CEcA7e3b8D".
Contract successfully verified
Start verifying contract `0x0000000887657b16F0dc7EFbb2be9EA77cEDF16c` deployed on 31612
EVM version: paris
Compiler version: 0.8.25
Optimizations:    200
Attempting to verify on Sourcify. Pass the --etherscan-api-key <API_KEY> to verify on Etherscan, or use the --verifier flag to verify on another provider.

Submitting verification for [BasicRedeemHook] "0x0000000887657b16F0dc7EFbb2be9EA77cEDF16c".
Contract successfully verified
Start verifying contract `0x0000000B77FC23f6F0f4c51238D6e1c76DefBFdb` deployed on 31612
EVM version: paris
Compiler version: 0.8.25
Optimizations:    200
Attempting to verify on Sourcify. Pass the --etherscan-api-key <API_KEY> to verify on Etherscan, or use the --verifier flag to verify on another provider.

Submitting verification for [RedirectingDepositHook] "0x0000000B77FC23f6F0f4c51238D6e1c76DefBFdb".
Contract successfully verified
Start verifying contract `0x00000002FC616d31133ab9AD626E43a94674D5B6` deployed on 31612
EVM version: paris
Compiler version: 0.8.25
Optimizations:    200
Attempting to verify on Sourcify. Pass the --etherscan-api-key <API_KEY> to verify on Etherscan, or use the --verifier flag to verify on another provider.

Submitting verification for [OracleHelper] "0x00000002FC616d31133ab9AD626E43a94674D5B6".
Contract successfully verified
Start verifying contract `0x00000007AA9Bd15F538a2d1D68A2aCFE8D09BFd0` deployed on 31612
EVM version: paris
Compiler version: 0.8.25
Optimizations:    200
Attempting to verify on Sourcify. Pass the --etherscan-api-key <API_KEY> to verify on Etherscan, or use the --verifier flag to verify on another provider.

Submitting verification for [OracleSubmitterFactory] "0x00000007AA9Bd15F538a2d1D68A2aCFE8D09BFd0".
Contract successfully verified
Start verifying contract `0x000000020893B447c2c13E4A8e5abCF5E7c09AeA` deployed on 31612
EVM version: paris
Compiler version: 0.8.25
Optimizations:    200
Attempting to verify on Sourcify. Pass the --etherscan-api-key <API_KEY> to verify on Etherscan, or use the --verifier flag to verify on another provider.

Submitting verification for [DeployVaultFactoryRegistry] "0x000000020893B447c2c13E4A8e5abCF5E7c09AeA".
Contract successfully verified
Start verifying contract `0x0000000bd67D6538614668EFe27aF3f17A3031dd` deployed on 31612
EVM version: paris
Compiler version: 0.8.25
Optimizations:    200
Constructor args: 00000000000000000000000000000000f731118c52aea768c1ac22ceca7e3b8d000000000000000000000000bc1468d587daee3023e2b41cc642643af322117800000000000000000000000000000007aa9bd15f538a2d1d68a2acfe8d09bfd0000000000000000000000000000000020893b447c2c13e4a8e5abcf5e7c09aea
Attempting to verify on Sourcify. Pass the --etherscan-api-key <API_KEY> to verify on Etherscan, or use the --verifier flag to verify on another provider.

Submitting verification for [DeployVaultFactory] "0x0000000bd67D6538614668EFe27aF3f17A3031dd".
Contract successfully verified
All (47) contracts were verified!

Transactions saved to: /home/gerstel/mellow/flexible-vaults/broadcast/Deploy.s.sol/31612/run-latest.json

Sensitive values saved to: /home/gerstel/mellow/flexible-vaults/cache/Deploy.s.sol/31612/run-latest.json

Done in 3878.55s.
