yarn run v1.22.22
$ forge script ./scripts/ethereum/cbBTCMezo.sol:Deploy --fork-url $(grep ETH_RPC .env | cut -d '=' -f2,3,4,5) --broadcast --slow --etherscan-api-key $(grep ETHERSCAN_API_KEY .env | cut -d '=' -f2) --verify --verifier sourcify
Compiling 1 files with Solc 0.8.25
Solc 0.8.25 finished in 8.18s
Compiler run successful with warnings:
Warning (2519): This declaration shadows an existing declaration.
   --> scripts/ethereum/DeployAbstractScript.s.sol:152:101:
    |
152 |     function stepOne(IDeployVaultFactory.DeployVaultConfig memory config) internal virtual returns (Vault vault) {
    |                                                                                                     ^^^^^^^^^^^
Note: The shadowed declaration is here:
  --> scripts/ethereum/DeployAbstractScript.s.sol:81:5:
   |
81 |     Vault internal vault;
   |     ^^^^^^^^^^^^^^^^^^^^

Warning (2519): This declaration shadows an existing declaration.
   --> scripts/ethereum/DeployAbstractScript.s.sol:161:22:
    |
161 |     function stepTwo(Vault vault) internal virtual returns (SubvaultCalls[] memory calls) {
    |                      ^^^^^^^^^^^
Note: The shadowed declaration is here:
  --> scripts/ethereum/DeployAbstractScript.s.sol:81:5:
   |
81 |     Vault internal vault;
   |     ^^^^^^^^^^^^^^^^^^^^

Warning (2519): This declaration shadows an existing declaration.
   --> scripts/ethereum/DeployAbstractScript.s.sol:304:28:
    |
304 |     function logDeployment(address vault) internal view {
    |                            ^^^^^^^^^^^^^
Note: The shadowed declaration is here:
  --> scripts/ethereum/DeployAbstractScript.s.sol:81:5:
   |
81 |     Vault internal vault;
   |     ^^^^^^^^^^^^^^^^^^^^

Warning (2072): Unused local variable.
  --> scripts/ethereum/cbBTCMezo.sol:22:9:
   |
22 |         ProtocolDeployment memory $ = Constants.protocolDeployment();
   |         ^^^^^^^^^^^^^^^^^^^^^^^^^^^

Warning (2072): Unused local variable.
   --> scripts/ethereum/cbBTCMezo.sol:198:9:
    |
198 |         Subvault subvault = Subvault(payable(vault.subvaultAt(index)));
    |         ^^^^^^^^^^^^^^^^^

Script ran successfully.

== Logs ==
  -------------------------------------------------------------
  Deployment details Mezo cbBTC Pre-Deposit Vault (PreMezo-cbBTC) chain ID 1
  -------------------------------------------------------------
  Vault              0x02c16F03E779fa9757E5c634c21E6c3c48784E92
    |--Subvault #0   0xa44a50BBF702331FC9c212e0DE684476aEf94E03
      |--Verifier    0x58D11e2FCfd12AffF7a6E815017b42A5B70a9679
  Oracle             0x5db479b5F726Fcad34D76DdC85F919630193713A
  ShareManager       0x3edCc2dbB06BC6Df4cc3fB053d0BF197Ad3f0Cef
  FeeManager         0x8E243D79C818019174d9b816318856CA4B8dA663
  RiskManager        0x9c28080654DF818Ea28a4d5303535AE81E5Db11f
  TimelockController 0x7f72a007277Dd46Dc5aDf444848D899E995B1e9F
  -------------------------------------------------------------
  DepositQueue       0xcf1c072A6E88298Ad22f0c9544676759402545fA (cbBTC)
  -------------------------------------------------------------

## Setting up 1 EVM.

==========================

Chain 1

Estimated gas price: 0.100968959 gwei

Estimated total gas used for script: 8757500

Estimated amount required: 0.0008842356584425 ETH

==========================


==========================

ONCHAIN EXECUTION COMPLETE & SUCCESSFUL.
##
Start verification for (2) contracts
Start verifying contract `0x7f72a007277Dd46Dc5aDf444848D899E995B1e9F` deployed on mainnet
EVM version: cancun
Compiler version: 0.8.25
Optimizations:    200
Constructor args: 0000000000000000000000000000000000000000000000000000000000000000000000000000000000000000000000000000000000000000000000000000008000000000000000000000000000000000000000000000000000000000000000e0000000000000000000000000d5aa2d083642e8dec06a5e930144d0af5a97496d0000000000000000000000000000000000000000000000000000000000000002000000000000000000000000de0000006a45bfd6a310c51c42bbe256847bb6d5000000000000000000000000d5aa2d083642e8dec06a5e930144d0af5a97496d0000000000000000000000000000000000000000000000000000000000000002000000000000000000000000d5aa2d083642e8dec06a5e930144d0af5a97496d000000000000000000000000f912fdb104dfe5baf2a6f1c4778bc644e89aa458

Submitting verification for [lib/openzeppelin-contracts-upgradeable/lib/openzeppelin-contracts/contracts/governance/TimelockController.sol:TimelockController] 0x7f72a007277Dd46Dc5aDf444848D899E995B1e9F.

Submitting verification for [lib/openzeppelin-contracts-upgradeable/lib/openzeppelin-contracts/contracts/governance/TimelockController.sol:TimelockController] 0x7f72a007277Dd46Dc5aDf444848D899E995B1e9F.

Submitting verification for [lib/openzeppelin-contracts-upgradeable/lib/openzeppelin-contracts/contracts/governance/TimelockController.sol:TimelockController] 0x7f72a007277Dd46Dc5aDf444848D899E995B1e9F.

Submitting verification for [lib/openzeppelin-contracts-upgradeable/lib/openzeppelin-contracts/contracts/governance/TimelockController.sol:TimelockController] 0x7f72a007277Dd46Dc5aDf444848D899E995B1e9F.

Submitting verification for [lib/openzeppelin-contracts-upgradeable/lib/openzeppelin-contracts/contracts/governance/TimelockController.sol:TimelockController] 0x7f72a007277Dd46Dc5aDf444848D899E995B1e9F.

Submitting verification for [lib/openzeppelin-contracts-upgradeable/lib/openzeppelin-contracts/contracts/governance/TimelockController.sol:TimelockController] 0x7f72a007277Dd46Dc5aDf444848D899E995B1e9F.
Submitted contract for verification:
	Response: `OK`
	GUID: `z8bwr6elezzawrugck8cast7zc4q6czwba73knjctsg8tsfzjx`
	URL: https://etherscan.io/address/0x7f72a007277dd46dc5adf444848d899e995b1e9f
Contract verification status:
Response: `NOTOK`
Details: `Pending in queue`
Contract verification status:
Response: `NOTOK`
Details: `Already Verified`
Contract source code already verified
Start verifying contract `0x04Dc89C1B090D802030602cb30681E41Ea9fBE3c` deployed on mainnet
EVM version: cancun
Compiler version: 0.8.25
Optimizations:    200
Constructor args: 000000000000000000000000d5aa2d083642e8dec06a5e930144d0af5a97496d000000000000000000000000a68b023d9ed2430e3c8cbbde4c37b02467734c33000000000000000000000000f912fdb104dfe5baf2a6f1c4778bc644e89aa4580000000000000000000000005db479b5f726fcad34d76ddc85f919630193713a

Submitting verification for [src/oracles/OracleSubmitter.sol:OracleSubmitter] 0x04Dc89C1B090D802030602cb30681E41Ea9fBE3c.
Submitted contract for verification:
	Response: `OK`
	GUID: `xfbb48tvpbbb4kfifqhv63vi6mfmpsfd6aind32qudmlgbeg7p`
	URL: https://etherscan.io/address/0x04dc89c1b090d802030602cb30681e41ea9fbe3c
Contract verification status:
Response: `NOTOK`
Details: `Pending in queue`
Contract verification status:
Response: `NOTOK`
Details: `Already Verified`
Contract source code already verified
All (2) contracts were verified!

Transactions saved to: /home/gerstel/mellow/flexible-vaults/broadcast/cbBTCMezo.sol/1/run-latest.json

Sensitive values saved to: /home/gerstel/mellow/flexible-vaults/cache/cbBTCMezo.sol/1/run-latest.json

Done in 433.50s.
