yarn run v1.22.22
$ forge script ./scripts/ethereum/BTCMezo.sol:Deploy --fork-url $(grep ETH_RPC .env | cut -d '=' -f2,3,4,5) --broadcast --slow --etherscan-api-key $(grep ETHERSCAN_API_KEY .env | cut -d '=' -f2) --verify --verifier sourcify
Compiling 1 files with Solc 0.8.25
Solc 0.8.25 finished in 7.83s
Compiler run successful with warnings:
Warning (2519): This declaration shadows an existing declaration.
   --> scripts/ethereum/DeployAbstractScript.s.sol:152:101:
    |
152 |     function stepOne(IDeployVaultFactory.DeployVaultConfig memory config) internal virtual returns (Vault vault) {
    |                                                                                                     ^^^^^^^^^^^
Note: The shadowed declaration is here:
  --> scripts/ethereum/DeployAbstractScript.s.sol:81:5:
   |
81 |     Vault internal vault;
   |     ^^^^^^^^^^^^^^^^^^^^

Warning (2519): This declaration shadows an existing declaration.
   --> scripts/ethereum/DeployAbstractScript.s.sol:161:22:
    |
161 |     function stepTwo(Vault vault) internal virtual returns (SubvaultCalls[] memory calls) {
    |                      ^^^^^^^^^^^
Note: The shadowed declaration is here:
  --> scripts/ethereum/DeployAbstractScript.s.sol:81:5:
   |
81 |     Vault internal vault;
   |     ^^^^^^^^^^^^^^^^^^^^

Warning (2519): This declaration shadows an existing declaration.
   --> scripts/ethereum/DeployAbstractScript.s.sol:304:28:
    |
304 |     function logDeployment(address vault) internal view {
    |                            ^^^^^^^^^^^^^
Note: The shadowed declaration is here:
  --> scripts/ethereum/DeployAbstractScript.s.sol:81:5:
   |
81 |     Vault internal vault;
   |     ^^^^^^^^^^^^^^^^^^^^

Warning (2072): Unused local variable.
  --> scripts/ethereum/BTCMezo.sol:22:9:
   |
22 |         ProtocolDeployment memory $ = Constants.protocolDeployment();
   |         ^^^^^^^^^^^^^^^^^^^^^^^^^^^

Warning (2072): Unused local variable.
   --> scripts/ethereum/BTCMezo.sol:209:9:
    |
209 |         Subvault subvault = Subvault(payable(vault.subvaultAt(index)));
    |         ^^^^^^^^^^^^^^^^^

Script ran successfully.

== Logs ==
  -------------------------------------------------------------
  Deployment details Mezo BTC Pre-Deposit Vault (PreMezo-BTC) chain ID 1
  -------------------------------------------------------------
  Vault              0xc8e9223CF09012c0E1920aD59618e35C84Ad99F4
    |--Subvault #0   0xa49c4bBA67aC53f4Ad88882D458B2560fe0e18C0
      |--Verifier    0x3094a4350B9070502bd50Bc3A7f25a12375D3195
  Oracle             0x3B9Fa52041a876166D80919304401Bc8735679C1
  ShareManager       0xea663A469792F0e4e9cd42f1645e894C1f72D56d
  FeeManager         0xED508b820981D0482bbff12a13f6409c9Dcd7759
  RiskManager        0x438605a94bCf67B0Eb55bc88704479e2B44f2DF3
  TimelockController 0x6544a683A058EAb8cf4780c5F8A5EA197894dD94
  -------------------------------------------------------------
  DepositQueue       0x4A0c88DDA012c4242B2d4F0eE76749b8C34d9Bc9 (tBTC)
  DepositQueue       0x84Cf231a0E8be41462A85b8C05f15598c4a34450 (WBTC)
  -------------------------------------------------------------

## Setting up 1 EVM.

==========================

Chain 1

Estimated gas price: 0.063965665 gwei

Estimated total gas used for script: 10066002

Estimated amount required: 0.00064387851182133 ETH

==========================


==========================

ONCHAIN EXECUTION COMPLETE & SUCCESSFUL.
##
Start verification for (2) contracts
Start verifying contract `0x6544a683A058EAb8cf4780c5F8A5EA197894dD94` deployed on mainnet
EVM version: cancun
Compiler version: 0.8.25
Optimizations:    200
Constructor args: 0000000000000000000000000000000000000000000000000000000000000000000000000000000000000000000000000000000000000000000000000000008000000000000000000000000000000000000000000000000000000000000000e0000000000000000000000000d5aa2d083642e8dec06a5e930144d0af5a97496d0000000000000000000000000000000000000000000000000000000000000002000000000000000000000000de0000006a45bfd6a310c51c42bbe256847bb6d5000000000000000000000000d5aa2d083642e8dec06a5e930144d0af5a97496d0000000000000000000000000000000000000000000000000000000000000002000000000000000000000000d5aa2d083642e8dec06a5e930144d0af5a97496d000000000000000000000000f912fdb104dfe5baf2a6f1c4778bc644e89aa458

Submitting verification for [lib/openzeppelin-contracts-upgradeable/lib/openzeppelin-contracts/contracts/governance/TimelockController.sol:TimelockController] 0x6544a683A058EAb8cf4780c5F8A5EA197894dD94.

Submitting verification for [lib/openzeppelin-contracts-upgradeable/lib/openzeppelin-contracts/contracts/governance/TimelockController.sol:TimelockController] 0x6544a683A058EAb8cf4780c5F8A5EA197894dD94.

Submitting verification for [lib/openzeppelin-contracts-upgradeable/lib/openzeppelin-contracts/contracts/governance/TimelockController.sol:TimelockController] 0x6544a683A058EAb8cf4780c5F8A5EA197894dD94.

Submitting verification for [lib/openzeppelin-contracts-upgradeable/lib/openzeppelin-contracts/contracts/governance/TimelockController.sol:TimelockController] 0x6544a683A058EAb8cf4780c5F8A5EA197894dD94.

Submitting verification for [lib/openzeppelin-contracts-upgradeable/lib/openzeppelin-contracts/contracts/governance/TimelockController.sol:TimelockController] 0x6544a683A058EAb8cf4780c5F8A5EA197894dD94.

Submitting verification for [lib/openzeppelin-contracts-upgradeable/lib/openzeppelin-contracts/contracts/governance/TimelockController.sol:TimelockController] 0x6544a683A058EAb8cf4780c5F8A5EA197894dD94.
Start verifying contract `0xC47D4003d87d8A5C0A016b073093554E002F4e5c` deployed on mainnet
EVM version: cancun
Compiler version: 0.8.25
Optimizations:    200
Constructor args: 000000000000000000000000d5aa2d083642e8dec06a5e930144d0af5a97496d000000000000000000000000a68b023d9ed2430e3c8cbbde4c37b02467734c33000000000000000000000000f912fdb104dfe5baf2a6f1c4778bc644e89aa4580000000000000000000000003b9fa52041a876166d80919304401bc8735679c1

Submitting verification for [src/oracles/OracleSubmitter.sol:OracleSubmitter] 0xC47D4003d87d8A5C0A016b073093554E002F4e5c.

Submitting verification for [src/oracles/OracleSubmitter.sol:OracleSubmitter] 0xC47D4003d87d8A5C0A016b073093554E002F4e5c.
Submitted contract for verification:
	Response: `OK`
	GUID: `qrzximnsnpipt7tjbjgafxim5uz9m5qrfbnwkuxebtjyxuv12b`
	URL: https://etherscan.io/address/0xc47d4003d87d8a5c0a016b073093554e002f4e5c
Contract verification status:
Response: `NOTOK`
Details: `Pending in queue`
Contract verification status:
Response: `OK`
Details: `Pass - Verified`
Contract successfully verified

Transactions saved to: /home/gerstel/mellow/flexible-vaults/broadcast/BTCMezo.sol/1/run-latest.json

Sensitive values saved to: /home/gerstel/mellow/flexible-vaults/cache/BTCMezo.sol/1/run-latest.json

info Visit https://yarnpkg.com/en/docs/cli/run for documentation about this command.
