yarn run v1.22.22
$ forge script ./scripts/rootstock/Deploy.s.sol:Deploy --fork-url $(grep RSK_RPC .env | cut -d '=' -f2,3,4,5) --broadcast --slow --verify --verifier blockscout --verifier-url https://rootstock.blockscout.com/api --gas-limit 10000000000000000
Compiling 1 files with Solc 0.8.25
Solc 0.8.25 finished in 6.66s
Compiler run successful!
Script ran successfully.

== Logs ==
  Factory implementation: 0x00000004C12438f4593bb6C4047998020e60Fca8; salt 10501699245
  Factory factory: 0x0000000013eC5b779Ee3997A005088BCecDa551D; salt 10132870952
  Consensus factory: 0xc52C25a06d2c7fbd349C2AD838544A1cF953b8eb
  Consensus implementation: 0x0000000Ee53D9707851626b0E8485A8599bE95E7; salt 10046329486
  DepositQueue factory: 0x4176D4BD30a4AEF3F7ffcDD5Fe8997De807409a4
  DepositQueue implementation: 0x0000000eED98Aca517473d134Cc1a79c5a23b591; salt 10014431825
  SignatureDepositQueue implementation: 0x00000009A6488c99272A1ae297b7f364A348ba55; salt 10046160726
  SyncDepositQueue implementation: 0x0000000D38799D88008747b874822f55f0D35F6a; salt 10156796878
  FeeManager factory: 0xcf41afeD6DE8A38F69235d414BB686f2847C19E0
  FeeManager implementation: 0x0000000852CF76C1c3dd8e74c817c442667f59D3; salt 10119416124
  Oracle factory: 0x03D4FfC7fB7bfec79EfF121201eB567A4d8E3AbA
  Oracle implementation: 0x00000000fd75e0935c7101432F07E7D949a3709A; salt 10309438908
  RedeemQueue factory: 0x3C2190540f6Cea0CD81f94e84F91f51644603238
  RedeemQueue implementation: 0x0000000A37A76557eAf5FF84D537C19aefb61c69; salt 10540164225
  SignatureRedeemQueue implementation: 0x00000009839691F13A8B2Bfb48a02338d5BB4282; salt 10284788580
  RiskManager factory: 0x6e72a6F11D0aCA5Cb21F94Dd78727Feb6b78224b
  RiskManager implementation: 0x00000009BC5616c655EB3931d15553645F79e163; salt 10076864762
  ShareManager factory: 0xEd7d5E840c1567589f7354E278fcE3D549AC5a89
  TokenizedShareManager implementation: 0x0000000Ef763C2e0Fd309DaB48Bb4d5502ebe9F2; salt 10139490736
  BasicShareManager implementation: 0x00000000DAf16b90ee413672d0C7E51201A444a2; salt 10091913446
  Subvault factory: 0x2b49B9158640f576d50803868cB39C39c111b236
  Subvault implementation: 0x0000000A9671be5CA72833D21A5A048Bb59140A7; salt 10402909383
  Verifier factory: 0x318aec5cBf813eE085c7F5bc9285945d0cF97064
  Verifier implementation: 0x00000008d3117169514077a7d3e5e8B7cf76d4EA; salt 10032664731
  Vault factory: 0xf1d7BE794A16767CA4485ec419984779c3221680
  Vault implementation: 0x0000000B84D4B6c47f975996CEdd67c475840CB0; salt 10603243702
  BitmaskVerifier: 0x0000000022c92AC77562374F5e4617BF5fF7C2b5; salt 10416421076
  ERC20Verifier factory: 0x6D2416bc3A15EfF424577faD7914381DAA3172DE
  ERC20Verifier: 0x0000000dAb3d1f8724d96F8BECb864381a89C9C7; salt 10025144046
  VaultConfigurator: 0x0000000D0e993ACc4ba4B8EaEC809866C068A3C2; salt 10080986406
  BasicRedeeHook: 0x00000007A95AcE65df0d6F71660152c196f6330d; salt 10012466146
  RedirectingDepositHook: 0x0000000b0bFE39B38d95be646921D9E3756D27ee; salt 10258109007
  OracleHelper: 0x0000000e1a96d9abAb10F19b966F960efc8Ca989; salt 10203212263

## Setting up 1 EVM.

==========================

Chain 30

Estimated gas price: 0.0260656 gwei

Estimated total gas used for script: 61204057

Estimated amount required: 0.0015953204681392 ETH

==========================


==========================

ONCHAIN EXECUTION COMPLETE & SUCCESSFUL.
##
Start verification for (45) contracts
Start verifying contract `0x00000004C12438f4593bb6C4047998020e60Fca8` deployed on rsk
EVM version: cancun
Compiler version: 0.8.25
Optimizations:    200
Constructor args: 0000000000000000000000000000000000000000000000000000000000000040000000000000000000000000000000000000000000000000000000000000000100000000000000000000000000000000000000000000000000000000000000064d656c6c6f770000000000000000000000000000000000000000000000000000

Submitting verification for [src/factories/Factory.sol:Factory] 0x00000004C12438f4593bb6C4047998020e60Fca8.
Submitted contract for verification:
	Response: `OK`
	GUID: `00000004c12438f4593bb6c4047998020e60fca869736662`
	URL: https://rootstock.blockscout.com/address/0x00000004c12438f4593bb6c4047998020e60fca8
Contract verification status:
Response: `OK`
Details: `Pending in queue`
Contract verification status:
Response: `OK`
Details: `Pass - Verified`
Contract successfully verified
Start verifying contract `0x0000000013eC5b779Ee3997A005088BCecDa551D` deployed on rsk
EVM version: cancun
Compiler version: 0.8.25
Optimizations:    200
Constructor args: 00000000000000000000000000000004c12438f4593bb6c4047998020e60fca8000000000000000000000000f1549a73a3b088d8cd0144360b4af1b2eafe05b000000000000000000000000000000000000000000000000000000000000000600000000000000000000000000000000000000000000000000000000000000064439fab91000000000000000000000000000000000000000000000000000000000000002000000000000000000000000000000000000000000000000000000000000000200000000000000000000000004d551d74e851bd93ce44d5f588ba14623249cdda00000000000000000000000000000000000000000000000000000000

Submitting verification for [lib/openzeppelin-contracts-upgradeable/lib/openzeppelin-contracts/contracts/proxy/transparent/TransparentUpgradeableProxy.sol:TransparentUpgradeableProxy] 0x0000000013eC5b779Ee3997A005088BCecDa551D.
Submitted contract for verification:
	Response: `OK`
	GUID: `0000000013ec5b779ee3997a005088bcecda551d69736671`
	URL: https://rootstock.blockscout.com/address/0x0000000013ec5b779ee3997a005088bcecda551d
Contract verification status:
Response: `OK`
Details: `Pending in queue`
Contract verification status:
Response: `OK`
Details: `Pass - Verified`
Contract successfully verified
Start verifying contract `0x0B458412bBAF46FeF90BA711cAf3B683C7aba604` deployed on rsk
EVM version: cancun
Compiler version: 0.8.25
Optimizations:    200
Constructor args: 000000000000000000000000f1549a73a3b088d8cd0144360b4af1b2eafe05b0

Submitting verification for [lib/openzeppelin-contracts-upgradeable/lib/openzeppelin-contracts/contracts/proxy/transparent/ProxyAdmin.sol:ProxyAdmin] 0x0B458412bBAF46FeF90BA711cAf3B683C7aba604.
Submitted contract for verification:
	Response: `OK`
	GUID: `0b458412bbaf46fef90ba711caf3b683c7aba60469736681`
	URL: https://rootstock.blockscout.com/address/0x0b458412bbaf46fef90ba711caf3b683c7aba604
Contract verification status:
Response: `OK`
Details: `Pending in queue`
Contract verification status:
Response: `OK`
Details: `Pass - Verified`
Contract successfully verified
Start verifying contract `0xc52C25a06d2c7fbd349C2AD838544A1cF953b8eb` deployed on rsk
EVM version: cancun
Compiler version: 0.8.25
Optimizations:    200
Constructor args: 00000000000000000000000000000004c12438f4593bb6c4047998020e60fca8000000000000000000000000f1549a73a3b088d8cd0144360b4af1b2eafe05b000000000000000000000000000000000000000000000000000000000000000600000000000000000000000000000000000000000000000000000000000000064439fab91000000000000000000000000000000000000000000000000000000000000002000000000000000000000000000000000000000000000000000000000000000200000000000000000000000004d551d74e851bd93ce44d5f588ba14623249cdda00000000000000000000000000000000000000000000000000000000

Submitting verification for [lib/openzeppelin-contracts-upgradeable/lib/openzeppelin-contracts/contracts/proxy/transparent/TransparentUpgradeableProxy.sol:TransparentUpgradeableProxy] 0xc52C25a06d2c7fbd349C2AD838544A1cF953b8eb.
Submitted contract for verification:
	Response: `OK`
	GUID: `c52c25a06d2c7fbd349c2ad838544a1cf953b8eb69736690`
	URL: https://rootstock.blockscout.com/address/0xc52c25a06d2c7fbd349c2ad838544a1cf953b8eb
Contract verification status:
Response: `OK`
Details: `Pending in queue`
Contract verification status:
Response: `OK`
Details: `Pass - Verified`
Contract successfully verified
Start verifying contract `0x57AF74235aC4b39a5037D55Fb44Ab0cA8A1C1ec6` deployed on rsk
EVM version: cancun
Compiler version: 0.8.25
Optimizations:    200
Constructor args: 000000000000000000000000f1549a73a3b088d8cd0144360b4af1b2eafe05b0

Submitting verification for [lib/openzeppelin-contracts-upgradeable/lib/openzeppelin-contracts/contracts/proxy/transparent/ProxyAdmin.sol:ProxyAdmin] 0x57AF74235aC4b39a5037D55Fb44Ab0cA8A1C1ec6.
Submitted contract for verification:
	Response: `OK`
	GUID: `57af74235ac4b39a5037d55fb44ab0ca8a1c1ec6697366a0`
	URL: https://rootstock.blockscout.com/address/0x57af74235ac4b39a5037d55fb44ab0ca8a1c1ec6
Contract verification status:
Response: `OK`
Details: `Pending in queue`
Contract verification status:
Response: `OK`
Details: `Pass - Verified`
Contract successfully verified
Start verifying contract `0x0000000Ee53D9707851626b0E8485A8599bE95E7` deployed on rsk
EVM version: cancun
Compiler version: 0.8.25
Optimizations:    200
Constructor args: 0000000000000000000000000000000000000000000000000000000000000040000000000000000000000000000000000000000000000000000000000000000100000000000000000000000000000000000000000000000000000000000000064d656c6c6f770000000000000000000000000000000000000000000000000000

Submitting verification for [src/permissions/Consensus.sol:Consensus] 0x0000000Ee53D9707851626b0E8485A8599bE95E7.
Submitted contract for verification:
	Response: `OK`
	GUID: `0000000ee53d9707851626b0e8485a8599be95e7697366b0`
	URL: https://rootstock.blockscout.com/address/0x0000000ee53d9707851626b0e8485a8599be95e7
Contract verification status:
Response: `OK`
Details: `Pending in queue`
Contract verification status:
Response: `OK`
Details: `Pass - Verified`
Contract successfully verified
Start verifying contract `0x4176D4BD30a4AEF3F7ffcDD5Fe8997De807409a4` deployed on rsk
EVM version: cancun
Compiler version: 0.8.25
Optimizations:    200
Constructor args: 00000000000000000000000000000004c12438f4593bb6c4047998020e60fca8000000000000000000000000f1549a73a3b088d8cd0144360b4af1b2eafe05b000000000000000000000000000000000000000000000000000000000000000600000000000000000000000000000000000000000000000000000000000000064439fab91000000000000000000000000000000000000000000000000000000000000002000000000000000000000000000000000000000000000000000000000000000200000000000000000000000004d551d74e851bd93ce44d5f588ba14623249cdda00000000000000000000000000000000000000000000000000000000

Submitting verification for [lib/openzeppelin-contracts-upgradeable/lib/openzeppelin-contracts/contracts/proxy/transparent/TransparentUpgradeableProxy.sol:TransparentUpgradeableProxy] 0x4176D4BD30a4AEF3F7ffcDD5Fe8997De807409a4.
Submitted contract for verification:
	Response: `OK`
	GUID: `4176d4bd30a4aef3f7ffcdd5fe8997de807409a4697366bf`
	URL: https://rootstock.blockscout.com/address/0x4176d4bd30a4aef3f7ffcdd5fe8997de807409a4
Contract verification status:
Response: `OK`
Details: `Pending in queue`
Contract verification status:
Response: `OK`
Details: `Pass - Verified`
Contract successfully verified
Start verifying contract `0x7b974245e97423AfdFD4f96cA150CF2387693b64` deployed on rsk
EVM version: cancun
Compiler version: 0.8.25
Optimizations:    200
Constructor args: 000000000000000000000000f1549a73a3b088d8cd0144360b4af1b2eafe05b0

Submitting verification for [lib/openzeppelin-contracts-upgradeable/lib/openzeppelin-contracts/contracts/proxy/transparent/ProxyAdmin.sol:ProxyAdmin] 0x7b974245e97423AfdFD4f96cA150CF2387693b64.
Submitted contract for verification:
	Response: `OK`
	GUID: `7b974245e97423afdfd4f96ca150cf2387693b64697366cf`
	URL: https://rootstock.blockscout.com/address/0x7b974245e97423afdfd4f96ca150cf2387693b64
Contract verification status:
Response: `OK`
Details: `Pending in queue`
Contract verification status:
Response: `OK`
Details: `Pass - Verified`
Contract successfully verified
Start verifying contract `0x0000000eED98Aca517473d134Cc1a79c5a23b591` deployed on rsk
EVM version: cancun
Compiler version: 0.8.25
Optimizations:    200
Constructor args: 0000000000000000000000000000000000000000000000000000000000000040000000000000000000000000000000000000000000000000000000000000000100000000000000000000000000000000000000000000000000000000000000064d656c6c6f770000000000000000000000000000000000000000000000000000

Submitting verification for [src/queues/DepositQueue.sol:DepositQueue] 0x0000000eED98Aca517473d134Cc1a79c5a23b591.
Submitted contract for verification:
	Response: `OK`
	GUID: `0000000eed98aca517473d134cc1a79c5a23b591697366df`
	URL: https://rootstock.blockscout.com/address/0x0000000eed98aca517473d134cc1a79c5a23b591
Contract verification status:
Response: `OK`
Details: `Pending in queue`
Contract verification status:
Response: `OK`
Details: `Pass - Verified`
Contract successfully verified
Start verifying contract `0x00000009A6488c99272A1ae297b7f364A348ba55` deployed on rsk
EVM version: cancun
Compiler version: 0.8.25
Optimizations:    200
Constructor args: 00000000000000000000000000000000000000000000000000000000000000600000000000000000000000000000000000000000000000000000000000000001000000000000000000000000c52c25a06d2c7fbd349c2ad838544a1cf953b8eb00000000000000000000000000000000000000000000000000000000000000064d656c6c6f770000000000000000000000000000000000000000000000000000

Submitting verification for [src/queues/SignatureDepositQueue.sol:SignatureDepositQueue] 0x00000009A6488c99272A1ae297b7f364A348ba55.
Submitted contract for verification:
	Response: `OK`
	GUID: `00000009a6488c99272a1ae297b7f364a348ba55697366ee`
	URL: https://rootstock.blockscout.com/address/0x00000009a6488c99272a1ae297b7f364a348ba55
Contract verification status:
Response: `OK`
Details: `Pending in queue`
Contract verification status:
Response: `OK`
Details: `Pass - Verified`
Contract successfully verified
Start verifying contract `0x0000000D38799D88008747b874822f55f0D35F6a` deployed on rsk
EVM version: cancun
Compiler version: 0.8.25
Optimizations:    200
Constructor args: 0000000000000000000000000000000000000000000000000000000000000040000000000000000000000000000000000000000000000000000000000000000100000000000000000000000000000000000000000000000000000000000000064d656c6c6f770000000000000000000000000000000000000000000000000000

Submitting verification for [src/queues/SyncDepositQueue.sol:SyncDepositQueue] 0x0000000D38799D88008747b874822f55f0D35F6a.
Submitted contract for verification:
	Response: `OK`
	GUID: `0000000d38799d88008747b874822f55f0d35f6a697366fe`
	URL: https://rootstock.blockscout.com/address/0x0000000d38799d88008747b874822f55f0d35f6a
Contract verification status:
Response: `OK`
Details: `Pending in queue`
Contract verification status:
Response: `OK`
Details: `Pass - Verified`
Contract successfully verified
Start verifying contract `0xcf41afeD6DE8A38F69235d414BB686f2847C19E0` deployed on rsk
EVM version: cancun
Compiler version: 0.8.25
Optimizations:    200
Constructor args: 00000000000000000000000000000004c12438f4593bb6c4047998020e60fca8000000000000000000000000f1549a73a3b088d8cd0144360b4af1b2eafe05b000000000000000000000000000000000000000000000000000000000000000600000000000000000000000000000000000000000000000000000000000000064439fab91000000000000000000000000000000000000000000000000000000000000002000000000000000000000000000000000000000000000000000000000000000200000000000000000000000004d551d74e851bd93ce44d5f588ba14623249cdda00000000000000000000000000000000000000000000000000000000

Submitting verification for [lib/openzeppelin-contracts-upgradeable/lib/openzeppelin-contracts/contracts/proxy/transparent/TransparentUpgradeableProxy.sol:TransparentUpgradeableProxy] 0xcf41afeD6DE8A38F69235d414BB686f2847C19E0.
Submitted contract for verification:
	Response: `OK`
	GUID: `cf41afed6de8a38f69235d414bb686f2847c19e06973670e`
	URL: https://rootstock.blockscout.com/address/0xcf41afed6de8a38f69235d414bb686f2847c19e0
Contract verification status:
Response: `OK`
Details: `Pending in queue`
Contract verification status:
Response: `OK`
Details: `Pass - Verified`
Contract successfully verified
Start verifying contract `0x0BB16Fe7a935a341a55F5c8fDB8911f15a216C01` deployed on rsk
EVM version: cancun
Compiler version: 0.8.25
Optimizations:    200
Constructor args: 000000000000000000000000f1549a73a3b088d8cd0144360b4af1b2eafe05b0

Submitting verification for [lib/openzeppelin-contracts-upgradeable/lib/openzeppelin-contracts/contracts/proxy/transparent/ProxyAdmin.sol:ProxyAdmin] 0x0BB16Fe7a935a341a55F5c8fDB8911f15a216C01.
Submitted contract for verification:
	Response: `OK`
	GUID: `0bb16fe7a935a341a55f5c8fdb8911f15a216c016973671d`
	URL: https://rootstock.blockscout.com/address/0x0bb16fe7a935a341a55f5c8fdb8911f15a216c01
Contract verification status:
Response: `OK`
Details: `Pending in queue`
Contract verification status:
Response: `OK`
Details: `Pass - Verified`
Contract successfully verified
Start verifying contract `0x0000000852CF76C1c3dd8e74c817c442667f59D3` deployed on rsk
EVM version: cancun
Compiler version: 0.8.25
Optimizations:    200
Constructor args: 0000000000000000000000000000000000000000000000000000000000000040000000000000000000000000000000000000000000000000000000000000000100000000000000000000000000000000000000000000000000000000000000064d656c6c6f770000000000000000000000000000000000000000000000000000

Submitting verification for [src/managers/FeeManager.sol:FeeManager] 0x0000000852CF76C1c3dd8e74c817c442667f59D3.
Submitted contract for verification:
	Response: `OK`
	GUID: `0000000852cf76c1c3dd8e74c817c442667f59d36973672d`
	URL: https://rootstock.blockscout.com/address/0x0000000852cf76c1c3dd8e74c817c442667f59d3
Contract verification status:
Response: `OK`
Details: `Pending in queue`
Contract verification status:
Response: `OK`
Details: `Pass - Verified`
Contract successfully verified
Start verifying contract `0x03D4FfC7fB7bfec79EfF121201eB567A4d8E3AbA` deployed on rsk
EVM version: cancun
Compiler version: 0.8.25
Optimizations:    200
Constructor args: 00000000000000000000000000000004c12438f4593bb6c4047998020e60fca8000000000000000000000000f1549a73a3b088d8cd0144360b4af1b2eafe05b000000000000000000000000000000000000000000000000000000000000000600000000000000000000000000000000000000000000000000000000000000064439fab91000000000000000000000000000000000000000000000000000000000000002000000000000000000000000000000000000000000000000000000000000000200000000000000000000000004d551d74e851bd93ce44d5f588ba14623249cdda00000000000000000000000000000000000000000000000000000000

Submitting verification for [lib/openzeppelin-contracts-upgradeable/lib/openzeppelin-contracts/contracts/proxy/transparent/TransparentUpgradeableProxy.sol:TransparentUpgradeableProxy] 0x03D4FfC7fB7bfec79EfF121201eB567A4d8E3AbA.
Submitted contract for verification:
	Response: `OK`
	GUID: `03d4ffc7fb7bfec79eff121201eb567a4d8e3aba6973673c`
	URL: https://rootstock.blockscout.com/address/0x03d4ffc7fb7bfec79eff121201eb567a4d8e3aba
Contract verification status:
Response: `OK`
Details: `Pending in queue`
Contract verification status:
Response: `OK`
Details: `Pass - Verified`
Contract successfully verified
Start verifying contract `0x2E40C5edda11ad54c7a5D379bb579c20c7aC0812` deployed on rsk
EVM version: cancun
Compiler version: 0.8.25
Optimizations:    200
Constructor args: 000000000000000000000000f1549a73a3b088d8cd0144360b4af1b2eafe05b0

Submitting verification for [lib/openzeppelin-contracts-upgradeable/lib/openzeppelin-contracts/contracts/proxy/transparent/ProxyAdmin.sol:ProxyAdmin] 0x2E40C5edda11ad54c7a5D379bb579c20c7aC0812.
Submitted contract for verification:
	Response: `OK`
	GUID: `2e40c5edda11ad54c7a5d379bb579c20c7ac08126973674b`
	URL: https://rootstock.blockscout.com/address/0x2e40c5edda11ad54c7a5d379bb579c20c7ac0812
Contract verification status:
Response: `OK`
Details: `Pending in queue`
Contract verification status:
Response: `OK`
Details: `Pass - Verified`
Contract successfully verified
Start verifying contract `0x00000000fd75e0935c7101432F07E7D949a3709A` deployed on rsk
EVM version: cancun
Compiler version: 0.8.25
Optimizations:    200
Constructor args: 0000000000000000000000000000000000000000000000000000000000000040000000000000000000000000000000000000000000000000000000000000000100000000000000000000000000000000000000000000000000000000000000064d656c6c6f770000000000000000000000000000000000000000000000000000

Submitting verification for [src/oracles/Oracle.sol:Oracle] 0x00000000fd75e0935c7101432F07E7D949a3709A.
Submitted contract for verification:
	Response: `OK`
	GUID: `00000000fd75e0935c7101432f07e7d949a3709a6973675b`
	URL: https://rootstock.blockscout.com/address/0x00000000fd75e0935c7101432f07e7d949a3709a
Contract verification status:
Response: `OK`
Details: `Pending in queue`
Contract verification status:
Response: `OK`
Details: `Pass - Verified`
Contract successfully verified
Start verifying contract `0x3C2190540f6Cea0CD81f94e84F91f51644603238` deployed on rsk
EVM version: cancun
Compiler version: 0.8.25
Optimizations:    200
Constructor args: 00000000000000000000000000000004c12438f4593bb6c4047998020e60fca8000000000000000000000000f1549a73a3b088d8cd0144360b4af1b2eafe05b000000000000000000000000000000000000000000000000000000000000000600000000000000000000000000000000000000000000000000000000000000064439fab91000000000000000000000000000000000000000000000000000000000000002000000000000000000000000000000000000000000000000000000000000000200000000000000000000000004d551d74e851bd93ce44d5f588ba14623249cdda00000000000000000000000000000000000000000000000000000000

Submitting verification for [lib/openzeppelin-contracts-upgradeable/lib/openzeppelin-contracts/contracts/proxy/transparent/TransparentUpgradeableProxy.sol:TransparentUpgradeableProxy] 0x3C2190540f6Cea0CD81f94e84F91f51644603238.
Submitted contract for verification:
	Response: `OK`
	GUID: `3c2190540f6cea0cd81f94e84f91f516446032386973676b`
	URL: https://rootstock.blockscout.com/address/0x3c2190540f6cea0cd81f94e84f91f51644603238
Contract verification status:
Response: `OK`
Details: `Pending in queue`
Contract verification status:
Response: `OK`
Details: `Pass - Verified`
Contract successfully verified
Start verifying contract `0xcD2f5989554515835FBd96370BDC429567EBa181` deployed on rsk
EVM version: cancun
Compiler version: 0.8.25
Optimizations:    200
Constructor args: 000000000000000000000000f1549a73a3b088d8cd0144360b4af1b2eafe05b0

Submitting verification for [lib/openzeppelin-contracts-upgradeable/lib/openzeppelin-contracts/contracts/proxy/transparent/ProxyAdmin.sol:ProxyAdmin] 0xcD2f5989554515835FBd96370BDC429567EBa181.
Submitted contract for verification:
	Response: `OK`
	GUID: `cd2f5989554515835fbd96370bdc429567eba1816973677a`
	URL: https://rootstock.blockscout.com/address/0xcd2f5989554515835fbd96370bdc429567eba181
Contract verification status:
Response: `OK`
Details: `Pending in queue`
Contract verification status:
Response: `OK`
Details: `Pass - Verified`
Contract successfully verified
Start verifying contract `0x0000000A37A76557eAf5FF84D537C19aefb61c69` deployed on rsk
EVM version: cancun
Compiler version: 0.8.25
Optimizations:    200
Constructor args: 0000000000000000000000000000000000000000000000000000000000000040000000000000000000000000000000000000000000000000000000000000000100000000000000000000000000000000000000000000000000000000000000064d656c6c6f770000000000000000000000000000000000000000000000000000

Submitting verification for [src/queues/RedeemQueue.sol:RedeemQueue] 0x0000000A37A76557eAf5FF84D537C19aefb61c69.
Submitted contract for verification:
	Response: `OK`
	GUID: `0000000a37a76557eaf5ff84d537c19aefb61c696973678a`
	URL: https://rootstock.blockscout.com/address/0x0000000a37a76557eaf5ff84d537c19aefb61c69
Contract verification status:
Response: `OK`
Details: `Pending in queue`
Contract verification status:
Response: `OK`
Details: `Pass - Verified`
Contract successfully verified
Start verifying contract `0x00000009839691F13A8B2Bfb48a02338d5BB4282` deployed on rsk
EVM version: cancun
Compiler version: 0.8.25
Optimizations:    200
Constructor args: 00000000000000000000000000000000000000000000000000000000000000600000000000000000000000000000000000000000000000000000000000000001000000000000000000000000c52c25a06d2c7fbd349c2ad838544a1cf953b8eb00000000000000000000000000000000000000000000000000000000000000064d656c6c6f770000000000000000000000000000000000000000000000000000

Submitting verification for [src/queues/SignatureRedeemQueue.sol:SignatureRedeemQueue] 0x00000009839691F13A8B2Bfb48a02338d5BB4282.
Submitted contract for verification:
	Response: `OK`
	GUID: `00000009839691f13a8b2bfb48a02338d5bb42826973679a`
	URL: https://rootstock.blockscout.com/address/0x00000009839691f13a8b2bfb48a02338d5bb4282
Contract verification status:
Response: `OK`
Details: `Pending in queue`
Contract verification status:
Response: `OK`
Details: `Pass - Verified`
Contract successfully verified
Start verifying contract `0x6e72a6F11D0aCA5Cb21F94Dd78727Feb6b78224b` deployed on rsk
EVM version: cancun
Compiler version: 0.8.25
Optimizations:    200
Constructor args: 00000000000000000000000000000004c12438f4593bb6c4047998020e60fca8000000000000000000000000f1549a73a3b088d8cd0144360b4af1b2eafe05b000000000000000000000000000000000000000000000000000000000000000600000000000000000000000000000000000000000000000000000000000000064439fab91000000000000000000000000000000000000000000000000000000000000002000000000000000000000000000000000000000000000000000000000000000200000000000000000000000004d551d74e851bd93ce44d5f588ba14623249cdda00000000000000000000000000000000000000000000000000000000

Submitting verification for [lib/openzeppelin-contracts-upgradeable/lib/openzeppelin-contracts/contracts/proxy/transparent/TransparentUpgradeableProxy.sol:TransparentUpgradeableProxy] 0x6e72a6F11D0aCA5Cb21F94Dd78727Feb6b78224b.
Submitted contract for verification:
	Response: `OK`
	GUID: `6e72a6f11d0aca5cb21f94dd78727feb6b78224b697367a9`
	URL: https://rootstock.blockscout.com/address/0x6e72a6f11d0aca5cb21f94dd78727feb6b78224b
Contract verification status:
Response: `OK`
Details: `Pending in queue`
Contract verification status:
Response: `OK`
Details: `Pass - Verified`
Contract successfully verified
Start verifying contract `0x4c608F8763e4e3aF0a7fd276D723368b3C0D3A26` deployed on rsk
EVM version: cancun
Compiler version: 0.8.25
Optimizations:    200
Constructor args: 000000000000000000000000f1549a73a3b088d8cd0144360b4af1b2eafe05b0

Submitting verification for [lib/openzeppelin-contracts-upgradeable/lib/openzeppelin-contracts/contracts/proxy/transparent/ProxyAdmin.sol:ProxyAdmin] 0x4c608F8763e4e3aF0a7fd276D723368b3C0D3A26.
Submitted contract for verification:
	Response: `OK`
	GUID: `4c608f8763e4e3af0a7fd276d723368b3c0d3a26697367b9`
	URL: https://rootstock.blockscout.com/address/0x4c608f8763e4e3af0a7fd276d723368b3c0d3a26
Contract verification status:
Response: `OK`
Details: `Pending in queue`
Contract verification status:
Response: `OK`
Details: `Pass - Verified`
Contract successfully verified
Start verifying contract `0x00000009BC5616c655EB3931d15553645F79e163` deployed on rsk
EVM version: cancun
Compiler version: 0.8.25
Optimizations:    200
Constructor args: 0000000000000000000000000000000000000000000000000000000000000040000000000000000000000000000000000000000000000000000000000000000100000000000000000000000000000000000000000000000000000000000000064d656c6c6f770000000000000000000000000000000000000000000000000000

Submitting verification for [src/managers/RiskManager.sol:RiskManager] 0x00000009BC5616c655EB3931d15553645F79e163.
Submitted contract for verification:
	Response: `OK`
	GUID: `00000009bc5616c655eb3931d15553645f79e163697367c9`
	URL: https://rootstock.blockscout.com/address/0x00000009bc5616c655eb3931d15553645f79e163
Contract verification status:
Response: `OK`
Details: `Pending in queue`
Contract verification status:
Response: `OK`
Details: `Pass - Verified`
Contract successfully verified
Start verifying contract `0xEd7d5E840c1567589f7354E278fcE3D549AC5a89` deployed on rsk
EVM version: cancun
Compiler version: 0.8.25
Optimizations:    200
Constructor args: 00000000000000000000000000000004c12438f4593bb6c4047998020e60fca8000000000000000000000000f1549a73a3b088d8cd0144360b4af1b2eafe05b000000000000000000000000000000000000000000000000000000000000000600000000000000000000000000000000000000000000000000000000000000064439fab91000000000000000000000000000000000000000000000000000000000000002000000000000000000000000000000000000000000000000000000000000000200000000000000000000000004d551d74e851bd93ce44d5f588ba14623249cdda00000000000000000000000000000000000000000000000000000000

Submitting verification for [lib/openzeppelin-contracts-upgradeable/lib/openzeppelin-contracts/contracts/proxy/transparent/TransparentUpgradeableProxy.sol:TransparentUpgradeableProxy] 0xEd7d5E840c1567589f7354E278fcE3D549AC5a89.
Submitted contract for verification:
	Response: `OK`
	GUID: `ed7d5e840c1567589f7354e278fce3d549ac5a89697367d8`
	URL: https://rootstock.blockscout.com/address/0xed7d5e840c1567589f7354e278fce3d549ac5a89
Contract verification status:
Response: `OK`
Details: `Pending in queue`
Contract verification status:
Response: `OK`
Details: `Pass - Verified`
Contract successfully verified
Start verifying contract `0x1C51DBf1Cc522AE5aE138c78158A1D0121A687B6` deployed on rsk
EVM version: cancun
Compiler version: 0.8.25
Optimizations:    200
Constructor args: 000000000000000000000000f1549a73a3b088d8cd0144360b4af1b2eafe05b0

Submitting verification for [lib/openzeppelin-contracts-upgradeable/lib/openzeppelin-contracts/contracts/proxy/transparent/ProxyAdmin.sol:ProxyAdmin] 0x1C51DBf1Cc522AE5aE138c78158A1D0121A687B6.
Submitted contract for verification:
	Response: `OK`
	GUID: `1c51dbf1cc522ae5ae138c78158a1d0121a687b6697367e8`
	URL: https://rootstock.blockscout.com/address/0x1c51dbf1cc522ae5ae138c78158a1d0121a687b6
Contract verification status:
Response: `OK`
Details: `Pending in queue`
Contract verification status:
Response: `OK`
Details: `Pass - Verified`
Contract successfully verified
Start verifying contract `0x0000000Ef763C2e0Fd309DaB48Bb4d5502ebe9F2` deployed on rsk
EVM version: cancun
Compiler version: 0.8.25
Optimizations:    200
Constructor args: 0000000000000000000000000000000000000000000000000000000000000040000000000000000000000000000000000000000000000000000000000000000100000000000000000000000000000000000000000000000000000000000000064d656c6c6f770000000000000000000000000000000000000000000000000000

Submitting verification for [src/managers/TokenizedShareManager.sol:TokenizedShareManager] 0x0000000Ef763C2e0Fd309DaB48Bb4d5502ebe9F2.
Submitted contract for verification:
	Response: `OK`
	GUID: `0000000ef763c2e0fd309dab48bb4d5502ebe9f2697367f8`
	URL: https://rootstock.blockscout.com/address/0x0000000ef763c2e0fd309dab48bb4d5502ebe9f2
Contract verification status:
Response: `OK`
Details: `Pending in queue`
Contract verification status:
Response: `OK`
Details: `Pass - Verified`
Contract successfully verified
Start verifying contract `0x00000000DAf16b90ee413672d0C7E51201A444a2` deployed on rsk
EVM version: cancun
Compiler version: 0.8.25
Optimizations:    200
Constructor args: 0000000000000000000000000000000000000000000000000000000000000040000000000000000000000000000000000000000000000000000000000000000100000000000000000000000000000000000000000000000000000000000000064d656c6c6f770000000000000000000000000000000000000000000000000000

Submitting verification for [src/managers/BasicShareManager.sol:BasicShareManager] 0x00000000DAf16b90ee413672d0C7E51201A444a2.
Submitted contract for verification:
	Response: `OK`
	GUID: `00000000daf16b90ee413672d0c7e51201a444a269736808`
	URL: https://rootstock.blockscout.com/address/0x00000000daf16b90ee413672d0c7e51201a444a2
Contract verification status:
Response: `OK`
Details: `Pending in queue`
Contract verification status:
Response: `OK`
Details: `Pass - Verified`
Contract successfully verified
Start verifying contract `0x2b49B9158640f576d50803868cB39C39c111b236` deployed on rsk
EVM version: cancun
Compiler version: 0.8.25
Optimizations:    200
Constructor args: 00000000000000000000000000000004c12438f4593bb6c4047998020e60fca8000000000000000000000000f1549a73a3b088d8cd0144360b4af1b2eafe05b000000000000000000000000000000000000000000000000000000000000000600000000000000000000000000000000000000000000000000000000000000064439fab91000000000000000000000000000000000000000000000000000000000000002000000000000000000000000000000000000000000000000000000000000000200000000000000000000000004d551d74e851bd93ce44d5f588ba14623249cdda00000000000000000000000000000000000000000000000000000000

Submitting verification for [lib/openzeppelin-contracts-upgradeable/lib/openzeppelin-contracts/contracts/proxy/transparent/TransparentUpgradeableProxy.sol:TransparentUpgradeableProxy] 0x2b49B9158640f576d50803868cB39C39c111b236.
Submitted contract for verification:
	Response: `OK`
	GUID: `2b49b9158640f576d50803868cb39c39c111b23669736817`
	URL: https://rootstock.blockscout.com/address/0x2b49b9158640f576d50803868cb39c39c111b236
Contract verification status:
Response: `OK`
Details: `Pending in queue`
Contract verification status:
Response: `OK`
Details: `Pass - Verified`
Contract successfully verified
Start verifying contract `0xeEed0504B9459384643805a72Dec4ae6B78bC0F5` deployed on rsk
EVM version: cancun
Compiler version: 0.8.25
Optimizations:    200
Constructor args: 000000000000000000000000f1549a73a3b088d8cd0144360b4af1b2eafe05b0

Submitting verification for [lib/openzeppelin-contracts-upgradeable/lib/openzeppelin-contracts/contracts/proxy/transparent/ProxyAdmin.sol:ProxyAdmin] 0xeEed0504B9459384643805a72Dec4ae6B78bC0F5.
Submitted contract for verification:
	Response: `OK`
	GUID: `eeed0504b9459384643805a72dec4ae6b78bc0f569736826`
	URL: https://rootstock.blockscout.com/address/0xeeed0504b9459384643805a72dec4ae6b78bc0f5
Contract verification status:
Response: `OK`
Details: `Pending in queue`
Contract verification status:
Response: `OK`
Details: `Pass - Verified`
Contract successfully verified
Start verifying contract `0x0000000A9671be5CA72833D21A5A048Bb59140A7` deployed on rsk
EVM version: cancun
Compiler version: 0.8.25
Optimizations:    200
Constructor args: 0000000000000000000000000000000000000000000000000000000000000040000000000000000000000000000000000000000000000000000000000000000100000000000000000000000000000000000000000000000000000000000000064d656c6c6f770000000000000000000000000000000000000000000000000000

Submitting verification for [src/vaults/Subvault.sol:Subvault] 0x0000000A9671be5CA72833D21A5A048Bb59140A7.
Submitted contract for verification:
	Response: `OK`
	GUID: `0000000a9671be5ca72833d21a5a048bb59140a769736836`
	URL: https://rootstock.blockscout.com/address/0x0000000a9671be5ca72833d21a5a048bb59140a7
Contract verification status:
Response: `OK`
Details: `Pending in queue`
Contract verification status:
Response: `OK`
Details: `Pass - Verified`
Contract successfully verified
Start verifying contract `0x318aec5cBf813eE085c7F5bc9285945d0cF97064` deployed on rsk
EVM version: cancun
Compiler version: 0.8.25
Optimizations:    200
Constructor args: 00000000000000000000000000000004c12438f4593bb6c4047998020e60fca8000000000000000000000000f1549a73a3b088d8cd0144360b4af1b2eafe05b000000000000000000000000000000000000000000000000000000000000000600000000000000000000000000000000000000000000000000000000000000064439fab91000000000000000000000000000000000000000000000000000000000000002000000000000000000000000000000000000000000000000000000000000000200000000000000000000000004d551d74e851bd93ce44d5f588ba14623249cdda00000000000000000000000000000000000000000000000000000000

Submitting verification for [lib/openzeppelin-contracts-upgradeable/lib/openzeppelin-contracts/contracts/proxy/transparent/TransparentUpgradeableProxy.sol:TransparentUpgradeableProxy] 0x318aec5cBf813eE085c7F5bc9285945d0cF97064.
Submitted contract for verification:
	Response: `OK`
	GUID: `318aec5cbf813ee085c7f5bc9285945d0cf9706469736845`
	URL: https://rootstock.blockscout.com/address/0x318aec5cbf813ee085c7f5bc9285945d0cf97064
Contract verification status:
Response: `OK`
Details: `Pending in queue`
Contract verification status:
Response: `OK`
Details: `Pass - Verified`
Contract successfully verified
Start verifying contract `0x54ac7E264cBa5480D1bbdc6eEEa0Fa401044061C` deployed on rsk
EVM version: cancun
Compiler version: 0.8.25
Optimizations:    200
Constructor args: 000000000000000000000000f1549a73a3b088d8cd0144360b4af1b2eafe05b0

Submitting verification for [lib/openzeppelin-contracts-upgradeable/lib/openzeppelin-contracts/contracts/proxy/transparent/ProxyAdmin.sol:ProxyAdmin] 0x54ac7E264cBa5480D1bbdc6eEEa0Fa401044061C.
Submitted contract for verification:
	Response: `OK`
	GUID: `54ac7e264cba5480d1bbdc6eeea0fa401044061c69736855`
	URL: https://rootstock.blockscout.com/address/0x54ac7e264cba5480d1bbdc6eeea0fa401044061c
Contract verification status:
Response: `OK`
Details: `Pending in queue`
Contract verification status:
Response: `OK`
Details: `Pass - Verified`
Contract successfully verified
Start verifying contract `0x00000008d3117169514077a7d3e5e8B7cf76d4EA` deployed on rsk
EVM version: cancun
Compiler version: 0.8.25
Optimizations:    200
Constructor args: 0000000000000000000000000000000000000000000000000000000000000040000000000000000000000000000000000000000000000000000000000000000100000000000000000000000000000000000000000000000000000000000000064d656c6c6f770000000000000000000000000000000000000000000000000000

Submitting verification for [src/permissions/Verifier.sol:Verifier] 0x00000008d3117169514077a7d3e5e8B7cf76d4EA.
Submitted contract for verification:
	Response: `OK`
	GUID: `00000008d3117169514077a7d3e5e8b7cf76d4ea69736865`
	URL: https://rootstock.blockscout.com/address/0x00000008d3117169514077a7d3e5e8b7cf76d4ea
Contract verification status:
Response: `OK`
Details: `Pending in queue`
Contract verification status:
Response: `OK`
Details: `Pass - Verified`
Contract successfully verified
Start verifying contract `0xf1d7BE794A16767CA4485ec419984779c3221680` deployed on rsk
EVM version: cancun
Compiler version: 0.8.25
Optimizations:    200
Constructor args: 00000000000000000000000000000004c12438f4593bb6c4047998020e60fca8000000000000000000000000f1549a73a3b088d8cd0144360b4af1b2eafe05b000000000000000000000000000000000000000000000000000000000000000600000000000000000000000000000000000000000000000000000000000000064439fab91000000000000000000000000000000000000000000000000000000000000002000000000000000000000000000000000000000000000000000000000000000200000000000000000000000004d551d74e851bd93ce44d5f588ba14623249cdda00000000000000000000000000000000000000000000000000000000

Submitting verification for [lib/openzeppelin-contracts-upgradeable/lib/openzeppelin-contracts/contracts/proxy/transparent/TransparentUpgradeableProxy.sol:TransparentUpgradeableProxy] 0xf1d7BE794A16767CA4485ec419984779c3221680.
Submitted contract for verification:
	Response: `OK`
	GUID: `f1d7be794a16767ca4485ec419984779c322168069736875`
	URL: https://rootstock.blockscout.com/address/0xf1d7be794a16767ca4485ec419984779c3221680
Contract verification status:
Response: `OK`
Details: `Pending in queue`
Contract verification status:
Response: `OK`
Details: `Pass - Verified`
Contract successfully verified
Start verifying contract `0xf2b1c8A57004C177B56B5f4C6CF6bc7b87264069` deployed on rsk
EVM version: cancun
Compiler version: 0.8.25
Optimizations:    200
Constructor args: 000000000000000000000000f1549a73a3b088d8cd0144360b4af1b2eafe05b0

Submitting verification for [lib/openzeppelin-contracts-upgradeable/lib/openzeppelin-contracts/contracts/proxy/transparent/ProxyAdmin.sol:ProxyAdmin] 0xf2b1c8A57004C177B56B5f4C6CF6bc7b87264069.
Submitted contract for verification:
	Response: `OK`
	GUID: `f2b1c8a57004c177b56b5f4c6cf6bc7b8726406969736884`
	URL: https://rootstock.blockscout.com/address/0xf2b1c8a57004c177b56b5f4c6cf6bc7b87264069
Contract verification status:
Response: `OK`
Details: `Pending in queue`
Contract verification status:
Response: `OK`
Details: `Pass - Verified`
Contract successfully verified
Start verifying contract `0x0000000B84D4B6c47f975996CEdd67c475840CB0` deployed on rsk
EVM version: cancun
Compiler version: 0.8.25
Optimizations:    200
Constructor args: 00000000000000000000000000000000000000000000000000000000000000c000000000000000000000000000000000000000000000000000000000000000010000000000000000000000004176d4bd30a4aef3f7ffcdd5fe8997de807409a40000000000000000000000003c2190540f6cea0cd81f94e84f91f516446032380000000000000000000000002b49b9158640f576d50803868cb39c39c111b236000000000000000000000000318aec5cbf813ee085c7f5bc9285945d0cf9706400000000000000000000000000000000000000000000000000000000000000064d656c6c6f770000000000000000000000000000000000000000000000000000

Submitting verification for [src/vaults/Vault.sol:Vault] 0x0000000B84D4B6c47f975996CEdd67c475840CB0.
Submitted contract for verification:
	Response: `OK`
	GUID: `0000000b84d4b6c47f975996cedd67c475840cb069736894`
	URL: https://rootstock.blockscout.com/address/0x0000000b84d4b6c47f975996cedd67c475840cb0
Contract verification status:
Response: `OK`
Details: `Pending in queue`
Contract verification status:
Response: `OK`
Details: `Pass - Verified`
Contract successfully verified
Start verifying contract `0x0000000022c92AC77562374F5e4617BF5fF7C2b5` deployed on rsk
EVM version: cancun
Compiler version: 0.8.25
Optimizations:    200

Submitting verification for [src/permissions/BitmaskVerifier.sol:BitmaskVerifier] 0x0000000022c92AC77562374F5e4617BF5fF7C2b5.
Submitted contract for verification:
	Response: `OK`
	GUID: `0000000022c92ac77562374f5e4617bf5ff7c2b5697368a3`
	URL: https://rootstock.blockscout.com/address/0x0000000022c92ac77562374f5e4617bf5ff7c2b5
Contract verification status:
Response: `OK`
Details: `Pending in queue`
Contract verification status:
Response: `OK`
Details: `Pass - Verified`
Contract successfully verified
Start verifying contract `0x6D2416bc3A15EfF424577faD7914381DAA3172DE` deployed on rsk
EVM version: cancun
Compiler version: 0.8.25
Optimizations:    200
Constructor args: 00000000000000000000000000000004c12438f4593bb6c4047998020e60fca8000000000000000000000000f1549a73a3b088d8cd0144360b4af1b2eafe05b000000000000000000000000000000000000000000000000000000000000000600000000000000000000000000000000000000000000000000000000000000064439fab91000000000000000000000000000000000000000000000000000000000000002000000000000000000000000000000000000000000000000000000000000000200000000000000000000000004d551d74e851bd93ce44d5f588ba14623249cdda00000000000000000000000000000000000000000000000000000000

Submitting verification for [lib/openzeppelin-contracts-upgradeable/lib/openzeppelin-contracts/contracts/proxy/transparent/TransparentUpgradeableProxy.sol:TransparentUpgradeableProxy] 0x6D2416bc3A15EfF424577faD7914381DAA3172DE.
Submitted contract for verification:
	Response: `OK`
	GUID: `6d2416bc3a15eff424577fad7914381daa3172de697368b3`
	URL: https://rootstock.blockscout.com/address/0x6d2416bc3a15eff424577fad7914381daa3172de
Contract verification status:
Response: `OK`
Details: `Pending in queue`
Contract verification status:
Response: `OK`
Details: `Pass - Verified`
Contract successfully verified
Start verifying contract `0x694B6D4087Ae9cF3787030c53Dcdd028A8173239` deployed on rsk
EVM version: cancun
Compiler version: 0.8.25
Optimizations:    200
Constructor args: 000000000000000000000000f1549a73a3b088d8cd0144360b4af1b2eafe05b0

Submitting verification for [lib/openzeppelin-contracts-upgradeable/lib/openzeppelin-contracts/contracts/proxy/transparent/ProxyAdmin.sol:ProxyAdmin] 0x694B6D4087Ae9cF3787030c53Dcdd028A8173239.
Submitted contract for verification:
	Response: `OK`
	GUID: `694b6d4087ae9cf3787030c53dcdd028a8173239697368c2`
	URL: https://rootstock.blockscout.com/address/0x694b6d4087ae9cf3787030c53dcdd028a8173239
Contract verification status:
Response: `OK`
Details: `Pending in queue`
Contract verification status:
Response: `OK`
Details: `Pass - Verified`
Contract successfully verified
Start verifying contract `0x0000000dAb3d1f8724d96F8BECb864381a89C9C7` deployed on rsk
EVM version: cancun
Compiler version: 0.8.25
Optimizations:    200
Constructor args: 0000000000000000000000000000000000000000000000000000000000000040000000000000000000000000000000000000000000000000000000000000000100000000000000000000000000000000000000000000000000000000000000064d656c6c6f770000000000000000000000000000000000000000000000000000

Submitting verification for [src/permissions/protocols/ERC20Verifier.sol:ERC20Verifier] 0x0000000dAb3d1f8724d96F8BECb864381a89C9C7.
Submitted contract for verification:
	Response: `OK`
	GUID: `0000000dab3d1f8724d96f8becb864381a89c9c7697368d2`
	URL: https://rootstock.blockscout.com/address/0x0000000dab3d1f8724d96f8becb864381a89c9c7
Contract verification status:
Response: `OK`
Details: `Pending in queue`
Contract verification status:
Response: `OK`
Details: `Pass - Verified`
Contract successfully verified
Start verifying contract `0x0000000D0e993ACc4ba4B8EaEC809866C068A3C2` deployed on rsk
EVM version: cancun
Compiler version: 0.8.25
Optimizations:    200
Constructor args: 000000000000000000000000ed7d5e840c1567589f7354e278fce3d549ac5a89000000000000000000000000cf41afed6de8a38f69235d414bb686f2847c19e00000000000000000000000006e72a6f11d0aca5cb21f94dd78727feb6b78224b00000000000000000000000003d4ffc7fb7bfec79eff121201eb567a4d8e3aba000000000000000000000000f1d7be794a16767ca4485ec419984779c3221680

Submitting verification for [src/vaults/VaultConfigurator.sol:VaultConfigurator] 0x0000000D0e993ACc4ba4B8EaEC809866C068A3C2.
Submitted contract for verification:
	Response: `OK`
	GUID: `0000000d0e993acc4ba4b8eaec809866c068a3c2697368e2`
	URL: https://rootstock.blockscout.com/address/0x0000000d0e993acc4ba4b8eaec809866c068a3c2
Contract verification status:
Response: `OK`
Details: `Pending in queue`
Contract verification status:
Response: `OK`
Details: `Pass - Verified`
Contract successfully verified
Start verifying contract `0x00000007A95AcE65df0d6F71660152c196f6330d` deployed on rsk
EVM version: cancun
Compiler version: 0.8.25
Optimizations:    200

Submitting verification for [src/hooks/BasicRedeemHook.sol:BasicRedeemHook] 0x00000007A95AcE65df0d6F71660152c196f6330d.
Submitted contract for verification:
	Response: `OK`
	GUID: `00000007a95ace65df0d6f71660152c196f6330d697368f2`
	URL: https://rootstock.blockscout.com/address/0x00000007a95ace65df0d6f71660152c196f6330d
Contract verification status:
Response: `OK`
Details: `Pending in queue`
Contract verification status:
Response: `OK`
Details: `Pass - Verified`
Contract successfully verified
Start verifying contract `0x0000000b0bFE39B38d95be646921D9E3756D27ee` deployed on rsk
EVM version: cancun
Compiler version: 0.8.25
Optimizations:    200

Submitting verification for [src/hooks/RedirectingDepositHook.sol:RedirectingDepositHook] 0x0000000b0bFE39B38d95be646921D9E3756D27ee.
Submitted contract for verification:
	Response: `OK`
	GUID: `0000000b0bfe39b38d95be646921d9e3756d27ee69736901`
	URL: https://rootstock.blockscout.com/address/0x0000000b0bfe39b38d95be646921d9e3756d27ee
Contract verification status:
Response: `OK`
Details: `Pending in queue`
Contract verification status:
Response: `OK`
Details: `Pass - Verified`
Contract successfully verified
Start verifying contract `0x0000000e1a96d9abAb10F19b966F960efc8Ca989` deployed on rsk
EVM version: cancun
Compiler version: 0.8.25
Optimizations:    200

Submitting verification for [src/oracles/OracleHelper.sol:OracleHelper] 0x0000000e1a96d9abAb10F19b966F960efc8Ca989.
Submitted contract for verification:
	Response: `OK`
	GUID: `0000000e1a96d9abab10f19b966f960efc8ca98969736911`
	URL: https://rootstock.blockscout.com/address/0x0000000e1a96d9abab10f19b966f960efc8ca989
Contract verification status:
Response: `OK`
Details: `Pending in queue`
Contract verification status:
Response: `OK`
Details: `Pass - Verified`
Contract successfully verified
All (45) contracts were verified!

Transactions saved to: /home/gerstel/mellow/flexible-vaults/broadcast/Deploy.s.sol/30/run-latest.json

Sensitive values saved to: /home/gerstel/mellow/flexible-vaults/cache/Deploy.s.sol/30/run-latest.json

Done in 5229.70s.
