yarn run v1.22.22
$ forge script ./scripts/sepolia/Deploy.s.sol:Deploy --fork-url $(grep SEPOLIA_RPC .env | cut -d '=' -f2,3,4,5) --broadcast --slow --verify --etherscan-api-key $(grep ETHERSCAN_API_KEY .env | cut -d '=' -f2)
Compiling 1 files with Solc 0.8.25
Solc 0.8.25 finished in 4.24s
Compiler run successful!
Script ran successfully.

== Logs ==
  Factory implementation: 0x0000000397b71C8f3182Fd40D247330D218fdC72;
  Factory factory: 0xC00F84049e972E3A495e7EA0198D6E99Bd66f836;
  Consensus factory: 0x0b240a3a699b96aa2c5d798e11157730DF5aE363
  Consensus implementation: 0x0000000167598d2C78E2313fD5328E16bD9A0b13;
  DepositQueue factory: 0x42493D2521E5A936AFA7B980Ff8b686f191A0812
  DepositQueue implementation: 0x00000006dA9f179BFE250Dd1c51cD2d3581930c8;
  SignatureDepositQueue implementation: 0x7914747E912d420e90a29D4D917c0435AEe6eDdc;
  FeeManager factory: 0x3F56a1471132935c4C9590032B2d3fE626510691
  FeeManager implementation: 0x0000000dE74e5D51651326E0A3e1ACA94bEAF6E1;
  Oracle factory: 0xA8b7412CbfEc3DA99f82CbB67439fede2d375570
  Oracle implementation: 0x0000000F0d3D1c31b72368366A4049C05E291D58;
  RedeemQueue factory: 0x08Ad90AEC1c04d452dc587a1684590bd219dbA43
  RedeemQueue implementation: 0x0000000285805eac535DADdb9648F1E10DfdC411;
  SignatureRedeemQueue implementation: 0xF46d33D6c07214AA3DfD529013e3E2a71f3A5E0e;
  RiskManager factory: 0x6B2153814355F01Ab32D93eF7f118FE806865714
  RiskManager implementation: 0x0000000714cf2851baC1AE2f41871862e9D216fD;
  ShareManager factory: 0x383d8dB8453ea400C8d3A1F4D077D5Ce3c909358
  TokenizedShareManager implementation: 0x0000000E8eb7173fA1a3ba60eCA325bcB6aaf378;
  BasicShareManager implementation: 0x00000005564AAE40D88e2F08dA71CBe156767977;
  Subvault factory: 0xB0e20537692997d91Ad9D1CA3348aA6152C7eFff
  Subvault implementation: 0x0000000E535B4E063f8372933A55470e67910a66;
  Verifier factory: 0xa2cF6419a2544113936143C5808cFe55cB904f2E
  Verifier implementation: 0x000000047Fc878662006E78D5174FB4285637966;
  Vault factory: 0xb801f2Fae79122980e1F740D7e99686C538D02Ee
  Vault implementation: 0xd4ca7b3fFD3284Bc7c36d29cd744a17FA849d730;
  BitmaskVerifier: 0x0000000263Fb29C3D6B0C5837883519eF05ea20A;
  EigenLayerVerifier factory: 0x3277Ecd21c0feF399Dfb37A7EDC2D7E55d61fFBd
  EigenLayerVerifier: 0xcab8F8d3D808E14b01b8B91407402598F13515eC;
  ERC20Verifier factory: 0x0691DF4Ab69051fBb553Da5F47ffcF5c20b31D96
  ERC20Verifier: 0x00000009207D366cBB8549837F8Ae4bf800Af2D6;
  SymbioticVerifier factory: 0xeA88c57d2C58Ba53381B6a01Ca0674F8c99C65b4
  SymbioticVerifier: 0xD25306C63E0eda289C45cdDbD7865d175F101E03;
  VaultConfigurator: 0x992AF00ebbA5B58D8777aD05205D72337372DEb7;
  BasicRedeeHook: 0x0000000637f1b1ccDA4Af2dB6CDDf5e5Ec45fd93;
  RedirectingDepositHook: 0x00000004d3B17e5391eb571dDb8fDF95646ca827;
  LidoDepositHook: 0xd3b4a229c8074bcF596f6750e50147B5b4c46063;
  OracleHelper: 0x000000005F543c38d5ea6D0bF10A50974Eb55E35;

## Setting up 1 EVM.

==========================

Chain 11155111

Estimated gas price: 0.001000018 gwei

Estimated total gas used for script: 66961996

Estimated amount required: 0.000066963201315928 ETH

==========================


==========================

ONCHAIN EXECUTION COMPLETE & SUCCESSFUL.
##
Start verification for (51) contracts
Start verifying contract `0x0000000397b71C8f3182Fd40D247330D218fdC72` deployed on sepolia
EVM version: cancun
Compiler version: 0.8.25
Optimizations:    200
Constructor args: 0000000000000000000000000000000000000000000000000000000000000040000000000000000000000000000000000000000000000000000000000000000100000000000000000000000000000000000000000000000000000000000000064d656c6c6f770000000000000000000000000000000000000000000000000000

Submitting verification for [src/factories/Factory.sol:Factory] 0x0000000397b71C8f3182Fd40D247330D218fdC72.
Submitted contract for verification:
	Response: `OK`
	GUID: `h4wzgxvc1r6j7aeaudftykriwu2yvs62ncdsna7plld7d8aucm`
	URL: https://sepolia.etherscan.io/address/0x0000000397b71c8f3182fd40d247330d218fdc72
Contract verification status:
Response: `NOTOK`
Details: `Pending in queue`
Contract verification status:
Response: `OK`
Details: `Pass - Verified`
Contract successfully verified
Start verifying contract `0xC00F84049e972E3A495e7EA0198D6E99Bd66f836` deployed on sepolia
EVM version: cancun
Compiler version: 0.8.25
Optimizations:    200
Constructor args: 0000000000000000000000000000000397b71c8f3182fd40d247330d218fdc7200000000000000000000000012b6692f7240acbc354cd48dfc275efdfb293b2400000000000000000000000000000000000000000000000000000000000000600000000000000000000000000000000000000000000000000000000000000064439fab91000000000000000000000000000000000000000000000000000000000000002000000000000000000000000000000000000000000000000000000000000000200000000000000000000000004222723bca5b66b29b26714ab5612434ee49c81c00000000000000000000000000000000000000000000000000000000

Submitting verification for [lib/openzeppelin-contracts-upgradeable/lib/openzeppelin-contracts/contracts/proxy/transparent/TransparentUpgradeableProxy.sol:TransparentUpgradeableProxy] 0xC00F84049e972E3A495e7EA0198D6E99Bd66f836.
Submitted contract for verification:
	Response: `OK`
	GUID: `bfxpzmxkvbptx92n2iphdc6qh4hkwhiep7bw2x1xxvqdicmujx`
	URL: https://sepolia.etherscan.io/address/0xc00f84049e972e3a495e7ea0198d6e99bd66f836
Contract verification status:
Response: `NOTOK`
Details: `Pending in queue`
Contract verification status:
Response: `OK`
Details: `Pass - Verified`
Contract successfully verified
Start verifying contract `0x55B7ccd8e2e3bb88849fb7297ceAC93Cd77B6f5f` deployed on sepolia
EVM version: cancun
Compiler version: 0.8.25
Optimizations:    200
Constructor args: 00000000000000000000000012b6692f7240acbc354cd48dfc275efdfb293b24

Submitting verification for [lib/openzeppelin-contracts-upgradeable/lib/openzeppelin-contracts/contracts/proxy/transparent/ProxyAdmin.sol:ProxyAdmin] 0x55B7ccd8e2e3bb88849fb7297ceAC93Cd77B6f5f.
Submitted contract for verification:
	Response: `OK`
	GUID: `7wxlat5gkedgzce9jykycm5ld25dy8bbj9pkrff1ssz7aflngj`
	URL: https://sepolia.etherscan.io/address/0x55b7ccd8e2e3bb88849fb7297ceac93cd77b6f5f
Contract verification status:
Response: `NOTOK`
Details: `Pending in queue`
Contract verification status:
Response: `OK`
Details: `Pass - Verified`
Contract successfully verified
Start verifying contract `0x0b240a3a699b96aa2c5d798e11157730DF5aE363` deployed on sepolia
EVM version: cancun
Compiler version: 0.8.25
Optimizations:    200
Constructor args: 0000000000000000000000000000000397b71c8f3182fd40d247330d218fdc7200000000000000000000000012b6692f7240acbc354cd48dfc275efdfb293b2400000000000000000000000000000000000000000000000000000000000000600000000000000000000000000000000000000000000000000000000000000064439fab91000000000000000000000000000000000000000000000000000000000000002000000000000000000000000000000000000000000000000000000000000000200000000000000000000000004222723bca5b66b29b26714ab5612434ee49c81c00000000000000000000000000000000000000000000000000000000

Submitting verification for [lib/openzeppelin-contracts-upgradeable/lib/openzeppelin-contracts/contracts/proxy/transparent/TransparentUpgradeableProxy.sol:TransparentUpgradeableProxy] 0x0b240a3a699b96aa2c5d798e11157730DF5aE363.
Submitted contract for verification:
	Response: `OK`
	GUID: `ikanbdrgwt7uz1txu4mcgf3brwzcyfahu3fvia4324kvwae5df`
	URL: https://sepolia.etherscan.io/address/0x0b240a3a699b96aa2c5d798e11157730df5ae363
Contract verification status:
Response: `NOTOK`
Details: `Pending in queue`
Contract verification status:
Response: `OK`
Details: `Pass - Verified`
Contract successfully verified
Start verifying contract `0x018F2c2BC869484aD8D36E8FD4b13C7A300d4Ca4` deployed on sepolia
EVM version: cancun
Compiler version: 0.8.25
Optimizations:    200
Constructor args: 00000000000000000000000012b6692f7240acbc354cd48dfc275efdfb293b24

Submitting verification for [lib/openzeppelin-contracts-upgradeable/lib/openzeppelin-contracts/contracts/proxy/transparent/ProxyAdmin.sol:ProxyAdmin] 0x018F2c2BC869484aD8D36E8FD4b13C7A300d4Ca4.
Submitted contract for verification:
	Response: `OK`
	GUID: `bhjfqm7hrpjaa7rcqfie7xmajvh3vmhsw7fx994mwrcmsu9v6b`
	URL: https://sepolia.etherscan.io/address/0x018f2c2bc869484ad8d36e8fd4b13c7a300d4ca4
Contract verification status:
Response: `NOTOK`
Details: `Pending in queue`
Contract verification status:
Response: `NOTOK`
Details: `Already Verified`
Contract source code already verified
Start verifying contract `0x0000000167598d2C78E2313fD5328E16bD9A0b13` deployed on sepolia
EVM version: cancun
Compiler version: 0.8.25
Optimizations:    200
Constructor args: 0000000000000000000000000000000000000000000000000000000000000040000000000000000000000000000000000000000000000000000000000000000100000000000000000000000000000000000000000000000000000000000000064d656c6c6f770000000000000000000000000000000000000000000000000000

Submitting verification for [src/permissions/Consensus.sol:Consensus] 0x0000000167598d2C78E2313fD5328E16bD9A0b13.
Submitted contract for verification:
	Response: `OK`
	GUID: `p5ec8awp7kanr5wu9cy6daygt33tescnuj2ixjcxyryl2da8nm`
	URL: https://sepolia.etherscan.io/address/0x0000000167598d2c78e2313fd5328e16bd9a0b13
Contract verification status:
Response: `NOTOK`
Details: `Pending in queue`
Contract verification status:
Response: `OK`
Details: `Pass - Verified`
Contract successfully verified
Start verifying contract `0x42493D2521E5A936AFA7B980Ff8b686f191A0812` deployed on sepolia
EVM version: cancun
Compiler version: 0.8.25
Optimizations:    200
Constructor args: 0000000000000000000000000000000397b71c8f3182fd40d247330d218fdc7200000000000000000000000012b6692f7240acbc354cd48dfc275efdfb293b2400000000000000000000000000000000000000000000000000000000000000600000000000000000000000000000000000000000000000000000000000000064439fab91000000000000000000000000000000000000000000000000000000000000002000000000000000000000000000000000000000000000000000000000000000200000000000000000000000004222723bca5b66b29b26714ab5612434ee49c81c00000000000000000000000000000000000000000000000000000000

Submitting verification for [lib/openzeppelin-contracts-upgradeable/lib/openzeppelin-contracts/contracts/proxy/transparent/TransparentUpgradeableProxy.sol:TransparentUpgradeableProxy] 0x42493D2521E5A936AFA7B980Ff8b686f191A0812.
Submitted contract for verification:
	Response: `OK`
	GUID: `a35aphu82bdtj3ccp8vah8iftqyua2wiay6qqw4sfxidaidpjp`
	URL: https://sepolia.etherscan.io/address/0x42493d2521e5a936afa7b980ff8b686f191a0812
Contract verification status:
Response: `NOTOK`
Details: `Pending in queue`
Contract verification status:
Response: `OK`
Details: `Pass - Verified`
Contract successfully verified
Start verifying contract `0x8C7cD728D0D9946FcB5AdaeCd175C6397BC87D08` deployed on sepolia
EVM version: cancun
Compiler version: 0.8.25
Optimizations:    200
Constructor args: 00000000000000000000000012b6692f7240acbc354cd48dfc275efdfb293b24

Submitting verification for [lib/openzeppelin-contracts-upgradeable/lib/openzeppelin-contracts/contracts/proxy/transparent/ProxyAdmin.sol:ProxyAdmin] 0x8C7cD728D0D9946FcB5AdaeCd175C6397BC87D08.
Submitted contract for verification:
	Response: `OK`
	GUID: `assx3e6typd4kzvirm6nq1mtgl7zmfbvkeakacife2acr3gdaq`
	URL: https://sepolia.etherscan.io/address/0x8c7cd728d0d9946fcb5adaecd175c6397bc87d08
Contract verification status:
Response: `NOTOK`
Details: `Pending in queue`
Contract verification status:
Response: `NOTOK`
Details: `Already Verified`
Contract source code already verified
Start verifying contract `0x00000006dA9f179BFE250Dd1c51cD2d3581930c8` deployed on sepolia
EVM version: cancun
Compiler version: 0.8.25
Optimizations:    200
Constructor args: 0000000000000000000000000000000000000000000000000000000000000040000000000000000000000000000000000000000000000000000000000000000100000000000000000000000000000000000000000000000000000000000000064d656c6c6f770000000000000000000000000000000000000000000000000000

Submitting verification for [src/queues/DepositQueue.sol:DepositQueue] 0x00000006dA9f179BFE250Dd1c51cD2d3581930c8.
Submitted contract for verification:
	Response: `OK`
	GUID: `kleqra8lr5jnxtlezcrfp7hywx8dtssybswkez5hqylihr54fi`
	URL: https://sepolia.etherscan.io/address/0x00000006da9f179bfe250dd1c51cd2d3581930c8
Contract verification status:
Response: `NOTOK`
Details: `Pending in queue`
Contract verification status:
Response: `OK`
Details: `Pass - Verified`
Contract successfully verified
Start verifying contract `0x7914747E912d420e90a29D4D917c0435AEe6eDdc` deployed on sepolia
EVM version: cancun
Compiler version: 0.8.25
Optimizations:    200
Constructor args: 000000000000000000000000000000000000000000000000000000000000006000000000000000000000000000000000000000000000000000000000000000010000000000000000000000000b240a3a699b96aa2c5d798e11157730df5ae36300000000000000000000000000000000000000000000000000000000000000064d656c6c6f770000000000000000000000000000000000000000000000000000

Submitting verification for [src/queues/SignatureDepositQueue.sol:SignatureDepositQueue] 0x7914747E912d420e90a29D4D917c0435AEe6eDdc.
Submitted contract for verification:
	Response: `OK`
	GUID: `mn7ji1qzixc26akibmqyzdqtzhsrzike92hptauydz2m1cr4qq`
	URL: https://sepolia.etherscan.io/address/0x7914747e912d420e90a29d4d917c0435aee6eddc
Contract verification status:
Response: `NOTOK`
Details: `Pending in queue`
Contract verification status:
Response: `OK`
Details: `Pass - Verified`
Contract successfully verified
Start verifying contract `0x3F56a1471132935c4C9590032B2d3fE626510691` deployed on sepolia
EVM version: cancun
Compiler version: 0.8.25
Optimizations:    200
Constructor args: 0000000000000000000000000000000397b71c8f3182fd40d247330d218fdc7200000000000000000000000012b6692f7240acbc354cd48dfc275efdfb293b2400000000000000000000000000000000000000000000000000000000000000600000000000000000000000000000000000000000000000000000000000000064439fab91000000000000000000000000000000000000000000000000000000000000002000000000000000000000000000000000000000000000000000000000000000200000000000000000000000004222723bca5b66b29b26714ab5612434ee49c81c00000000000000000000000000000000000000000000000000000000

Submitting verification for [lib/openzeppelin-contracts-upgradeable/lib/openzeppelin-contracts/contracts/proxy/transparent/TransparentUpgradeableProxy.sol:TransparentUpgradeableProxy] 0x3F56a1471132935c4C9590032B2d3fE626510691.
Submitted contract for verification:
	Response: `OK`
	GUID: `jmauaacqkjpvdnbbpitkypnk6t2q3fsjtncwdz97e9kpjubbtd`
	URL: https://sepolia.etherscan.io/address/0x3f56a1471132935c4c9590032b2d3fe626510691
Contract verification status:
Response: `NOTOK`
Details: `Pending in queue`
Contract verification status:
Response: `OK`
Details: `Pass - Verified`
Contract successfully verified
Start verifying contract `0xB871Bf1E02378Cf28D5aB9e0a285c7F2840EE849` deployed on sepolia
EVM version: cancun
Compiler version: 0.8.25
Optimizations:    200
Constructor args: 00000000000000000000000012b6692f7240acbc354cd48dfc275efdfb293b24

Submitting verification for [lib/openzeppelin-contracts-upgradeable/lib/openzeppelin-contracts/contracts/proxy/transparent/ProxyAdmin.sol:ProxyAdmin] 0xB871Bf1E02378Cf28D5aB9e0a285c7F2840EE849.
Submitted contract for verification:
	Response: `OK`
	GUID: `rqzp6myrn7zlm5se3qc6ypzm7qdz1bsrpqpcb4hqvnb2zumgv6`
	URL: https://sepolia.etherscan.io/address/0xb871bf1e02378cf28d5ab9e0a285c7f2840ee849
Contract verification status:
Response: `NOTOK`
Details: `Pending in queue`
Contract verification status:
Response: `NOTOK`
Details: `Already Verified`
Contract source code already verified
Start verifying contract `0x0000000dE74e5D51651326E0A3e1ACA94bEAF6E1` deployed on sepolia
EVM version: cancun
Compiler version: 0.8.25
Optimizations:    200
Constructor args: 0000000000000000000000000000000000000000000000000000000000000040000000000000000000000000000000000000000000000000000000000000000100000000000000000000000000000000000000000000000000000000000000064d656c6c6f770000000000000000000000000000000000000000000000000000

Submitting verification for [src/managers/FeeManager.sol:FeeManager] 0x0000000dE74e5D51651326E0A3e1ACA94bEAF6E1.
Submitted contract for verification:
	Response: `OK`
	GUID: `skzme2glifjzqbf8nxggtyzlabeyeewwuvj7s2bmkrm26xqzmr`
	URL: https://sepolia.etherscan.io/address/0x0000000de74e5d51651326e0a3e1aca94beaf6e1
Contract verification status:
Response: `NOTOK`
Details: `Pending in queue`
Contract verification status:
Response: `OK`
Details: `Pass - Verified`
Contract successfully verified
Start verifying contract `0xA8b7412CbfEc3DA99f82CbB67439fede2d375570` deployed on sepolia
EVM version: cancun
Compiler version: 0.8.25
Optimizations:    200
Constructor args: 0000000000000000000000000000000397b71c8f3182fd40d247330d218fdc7200000000000000000000000012b6692f7240acbc354cd48dfc275efdfb293b2400000000000000000000000000000000000000000000000000000000000000600000000000000000000000000000000000000000000000000000000000000064439fab91000000000000000000000000000000000000000000000000000000000000002000000000000000000000000000000000000000000000000000000000000000200000000000000000000000004222723bca5b66b29b26714ab5612434ee49c81c00000000000000000000000000000000000000000000000000000000

Submitting verification for [lib/openzeppelin-contracts-upgradeable/lib/openzeppelin-contracts/contracts/proxy/transparent/TransparentUpgradeableProxy.sol:TransparentUpgradeableProxy] 0xA8b7412CbfEc3DA99f82CbB67439fede2d375570.
Submitted contract for verification:
	Response: `OK`
	GUID: `6predtcel4pjy4lmvus8gmnuw3dxf4melnz6xfhrvcfxqbshgj`
	URL: https://sepolia.etherscan.io/address/0xa8b7412cbfec3da99f82cbb67439fede2d375570
Contract verification status:
Response: `NOTOK`
Details: `Pending in queue`
Contract verification status:
Response: `OK`
Details: `Pass - Verified`
Contract successfully verified
Start verifying contract `0x738E658b9c7751F2db9a367E7e3F58360BC67966` deployed on sepolia
EVM version: cancun
Compiler version: 0.8.25
Optimizations:    200
Constructor args: 00000000000000000000000012b6692f7240acbc354cd48dfc275efdfb293b24

Submitting verification for [lib/openzeppelin-contracts-upgradeable/lib/openzeppelin-contracts/contracts/proxy/transparent/ProxyAdmin.sol:ProxyAdmin] 0x738E658b9c7751F2db9a367E7e3F58360BC67966.
Submitted contract for verification:
	Response: `OK`
	GUID: `1v8ekj2wibggaihkyjvgggctdw6q5makgm4rv84p4bwh9fdyfe`
	URL: https://sepolia.etherscan.io/address/0x738e658b9c7751f2db9a367e7e3f58360bc67966
Contract verification status:
Response: `NOTOK`
Details: `Pending in queue`
Contract verification status:
Response: `NOTOK`
Details: `Already Verified`
Contract source code already verified
Start verifying contract `0x0000000F0d3D1c31b72368366A4049C05E291D58` deployed on sepolia
EVM version: cancun
Compiler version: 0.8.25
Optimizations:    200
Constructor args: 0000000000000000000000000000000000000000000000000000000000000040000000000000000000000000000000000000000000000000000000000000000100000000000000000000000000000000000000000000000000000000000000064d656c6c6f770000000000000000000000000000000000000000000000000000

Submitting verification for [src/oracles/Oracle.sol:Oracle] 0x0000000F0d3D1c31b72368366A4049C05E291D58.
Submitted contract for verification:
	Response: `OK`
	GUID: `d9ma4jjgrfecrxrvrefreqfhdfjwiysybri2zghj8qhnasjzhe`
	URL: https://sepolia.etherscan.io/address/0x0000000f0d3d1c31b72368366a4049c05e291d58
Contract verification status:
Response: `NOTOK`
Details: `Pending in queue`
Contract verification status:
Response: `OK`
Details: `Pass - Verified`
Contract successfully verified
Start verifying contract `0x08Ad90AEC1c04d452dc587a1684590bd219dbA43` deployed on sepolia
EVM version: cancun
Compiler version: 0.8.25
Optimizations:    200
Constructor args: 0000000000000000000000000000000397b71c8f3182fd40d247330d218fdc7200000000000000000000000012b6692f7240acbc354cd48dfc275efdfb293b2400000000000000000000000000000000000000000000000000000000000000600000000000000000000000000000000000000000000000000000000000000064439fab91000000000000000000000000000000000000000000000000000000000000002000000000000000000000000000000000000000000000000000000000000000200000000000000000000000004222723bca5b66b29b26714ab5612434ee49c81c00000000000000000000000000000000000000000000000000000000

Submitting verification for [lib/openzeppelin-contracts-upgradeable/lib/openzeppelin-contracts/contracts/proxy/transparent/TransparentUpgradeableProxy.sol:TransparentUpgradeableProxy] 0x08Ad90AEC1c04d452dc587a1684590bd219dbA43.
Submitted contract for verification:
	Response: `OK`
	GUID: `qptprmu5xpqeptp7crepnjwmiq9rxlvkd59ufm1vyuiuuuser4`
	URL: https://sepolia.etherscan.io/address/0x08ad90aec1c04d452dc587a1684590bd219dba43
Contract verification status:
Response: `NOTOK`
Details: `Pending in queue`
Contract verification status:
Response: `OK`
Details: `Pass - Verified`
Contract successfully verified
Start verifying contract `0xD9D0A9F3fD8Bac4E5a0C05Ad78AE6B0e4A42Cd7D` deployed on sepolia
EVM version: cancun
Compiler version: 0.8.25
Optimizations:    200
Constructor args: 00000000000000000000000012b6692f7240acbc354cd48dfc275efdfb293b24

Submitting verification for [lib/openzeppelin-contracts-upgradeable/lib/openzeppelin-contracts/contracts/proxy/transparent/ProxyAdmin.sol:ProxyAdmin] 0xD9D0A9F3fD8Bac4E5a0C05Ad78AE6B0e4A42Cd7D.
Submitted contract for verification:
	Response: `OK`
	GUID: `fiktr6tyx2dczct52jjvtqrirt12sqxusuvdajd318gyhvvxsp`
	URL: https://sepolia.etherscan.io/address/0xd9d0a9f3fd8bac4e5a0c05ad78ae6b0e4a42cd7d
Contract verification status:
Response: `NOTOK`
Details: `Pending in queue`
Contract verification status:
Response: `NOTOK`
Details: `Already Verified`
Contract source code already verified
Start verifying contract `0x0000000285805eac535DADdb9648F1E10DfdC411` deployed on sepolia
EVM version: cancun
Compiler version: 0.8.25
Optimizations:    200
Constructor args: 0000000000000000000000000000000000000000000000000000000000000040000000000000000000000000000000000000000000000000000000000000000100000000000000000000000000000000000000000000000000000000000000064d656c6c6f770000000000000000000000000000000000000000000000000000

Submitting verification for [src/queues/RedeemQueue.sol:RedeemQueue] 0x0000000285805eac535DADdb9648F1E10DfdC411.
Submitted contract for verification:
	Response: `OK`
	GUID: `s8vvbrts3y5r675ib5hqvh7gujzs1vxwbdxpzws5k8heya39uz`
	URL: https://sepolia.etherscan.io/address/0x0000000285805eac535daddb9648f1e10dfdc411
Contract verification status:
Response: `NOTOK`
Details: `Pending in queue`
Contract verification status:
Response: `OK`
Details: `Pass - Verified`
Contract successfully verified
Start verifying contract `0xF46d33D6c07214AA3DfD529013e3E2a71f3A5E0e` deployed on sepolia
EVM version: cancun
Compiler version: 0.8.25
Optimizations:    200
Constructor args: 000000000000000000000000000000000000000000000000000000000000006000000000000000000000000000000000000000000000000000000000000000010000000000000000000000000b240a3a699b96aa2c5d798e11157730df5ae36300000000000000000000000000000000000000000000000000000000000000064d656c6c6f770000000000000000000000000000000000000000000000000000

Submitting verification for [src/queues/SignatureRedeemQueue.sol:SignatureRedeemQueue] 0xF46d33D6c07214AA3DfD529013e3E2a71f3A5E0e.
Submitted contract for verification:
	Response: `OK`
	GUID: `krqcjb2ebgrss71aqtbfjecd6nrshjhrysa7fyjmmkkbdihaeq`
	URL: https://sepolia.etherscan.io/address/0xf46d33d6c07214aa3dfd529013e3e2a71f3a5e0e
Contract verification status:
Response: `NOTOK`
Details: `Pending in queue`
Contract verification status:
Response: `OK`
Details: `Pass - Verified`
Contract successfully verified
Start verifying contract `0x6B2153814355F01Ab32D93eF7f118FE806865714` deployed on sepolia
EVM version: cancun
Compiler version: 0.8.25
Optimizations:    200
Constructor args: 0000000000000000000000000000000397b71c8f3182fd40d247330d218fdc7200000000000000000000000012b6692f7240acbc354cd48dfc275efdfb293b2400000000000000000000000000000000000000000000000000000000000000600000000000000000000000000000000000000000000000000000000000000064439fab91000000000000000000000000000000000000000000000000000000000000002000000000000000000000000000000000000000000000000000000000000000200000000000000000000000004222723bca5b66b29b26714ab5612434ee49c81c00000000000000000000000000000000000000000000000000000000

Submitting verification for [lib/openzeppelin-contracts-upgradeable/lib/openzeppelin-contracts/contracts/proxy/transparent/TransparentUpgradeableProxy.sol:TransparentUpgradeableProxy] 0x6B2153814355F01Ab32D93eF7f118FE806865714.
Submitted contract for verification:
	Response: `OK`
	GUID: `qidmusrictc3nkgvyuggy2niqtrmeqrqzdnx2gqiibga2sfh65`
	URL: https://sepolia.etherscan.io/address/0x6b2153814355f01ab32d93ef7f118fe806865714
Contract verification status:
Response: `NOTOK`
Details: `Pending in queue`
Contract verification status:
Response: `OK`
Details: `Pass - Verified`
Contract successfully verified
Start verifying contract `0xCA9a7ecBE6463065B8b3Cf4838E5B6a21d737c31` deployed on sepolia
EVM version: cancun
Compiler version: 0.8.25
Optimizations:    200
Constructor args: 00000000000000000000000012b6692f7240acbc354cd48dfc275efdfb293b24

Submitting verification for [lib/openzeppelin-contracts-upgradeable/lib/openzeppelin-contracts/contracts/proxy/transparent/ProxyAdmin.sol:ProxyAdmin] 0xCA9a7ecBE6463065B8b3Cf4838E5B6a21d737c31.
Submitted contract for verification:
	Response: `OK`
	GUID: `nvjmbqrrpg47exejx5d7krkpgpvgij1162ciquzuw2f8wvtnav`
	URL: https://sepolia.etherscan.io/address/0xca9a7ecbe6463065b8b3cf4838e5b6a21d737c31
Contract verification status:
Response: `NOTOK`
Details: `Pending in queue`
Contract verification status:
Response: `NOTOK`
Details: `Already Verified`
Contract source code already verified
Start verifying contract `0x0000000714cf2851baC1AE2f41871862e9D216fD` deployed on sepolia
EVM version: cancun
Compiler version: 0.8.25
Optimizations:    200
Constructor args: 0000000000000000000000000000000000000000000000000000000000000040000000000000000000000000000000000000000000000000000000000000000100000000000000000000000000000000000000000000000000000000000000064d656c6c6f770000000000000000000000000000000000000000000000000000

Submitting verification for [src/managers/RiskManager.sol:RiskManager] 0x0000000714cf2851baC1AE2f41871862e9D216fD.
Submitted contract for verification:
	Response: `OK`
	GUID: `wq1ebfnzpal8uvgmewt8kwwhpseiitzzkzh6yh2wkihytrztve`
	URL: https://sepolia.etherscan.io/address/0x0000000714cf2851bac1ae2f41871862e9d216fd
Contract verification status:
Response: `NOTOK`
Details: `Pending in queue`
Contract verification status:
Response: `OK`
Details: `Pass - Verified`
Contract successfully verified
Start verifying contract `0x383d8dB8453ea400C8d3A1F4D077D5Ce3c909358` deployed on sepolia
EVM version: cancun
Compiler version: 0.8.25
Optimizations:    200
Constructor args: 0000000000000000000000000000000397b71c8f3182fd40d247330d218fdc7200000000000000000000000012b6692f7240acbc354cd48dfc275efdfb293b2400000000000000000000000000000000000000000000000000000000000000600000000000000000000000000000000000000000000000000000000000000064439fab91000000000000000000000000000000000000000000000000000000000000002000000000000000000000000000000000000000000000000000000000000000200000000000000000000000004222723bca5b66b29b26714ab5612434ee49c81c00000000000000000000000000000000000000000000000000000000

Submitting verification for [lib/openzeppelin-contracts-upgradeable/lib/openzeppelin-contracts/contracts/proxy/transparent/TransparentUpgradeableProxy.sol:TransparentUpgradeableProxy] 0x383d8dB8453ea400C8d3A1F4D077D5Ce3c909358.
Submitted contract for verification:
	Response: `OK`
	GUID: `46gkrymdwhjqwtr6hd7rvmu5rzxj1wq2yhunfscrp45ipmkyjq`
	URL: https://sepolia.etherscan.io/address/0x383d8db8453ea400c8d3a1f4d077d5ce3c909358
Contract verification status:
Response: `NOTOK`
Details: `Pending in queue`
Contract verification status:
Response: `NOTOK`
Details: `Already Verified`
Contract source code already verified
Start verifying contract `0xa44155413C6eCd279CcdA7B88651C2B4078BFF72` deployed on sepolia
EVM version: cancun
Compiler version: 0.8.25
Optimizations:    200
Constructor args: 00000000000000000000000012b6692f7240acbc354cd48dfc275efdfb293b24

Submitting verification for [lib/openzeppelin-contracts-upgradeable/lib/openzeppelin-contracts/contracts/proxy/transparent/ProxyAdmin.sol:ProxyAdmin] 0xa44155413C6eCd279CcdA7B88651C2B4078BFF72.
Submitted contract for verification:
	Response: `OK`
	GUID: `9n7ybhccvi1ccziirmzdsf2gcthkf4nzrbncus7cb4xuqcr5rx`
	URL: https://sepolia.etherscan.io/address/0xa44155413c6ecd279ccda7b88651c2b4078bff72
Contract verification status:
Response: `NOTOK`
Details: `Pending in queue`
Contract verification status:
Response: `NOTOK`
Details: `Already Verified`
Contract source code already verified
Start verifying contract `0x0000000E8eb7173fA1a3ba60eCA325bcB6aaf378` deployed on sepolia
EVM version: cancun
Compiler version: 0.8.25
Optimizations:    200
Constructor args: 0000000000000000000000000000000000000000000000000000000000000040000000000000000000000000000000000000000000000000000000000000000100000000000000000000000000000000000000000000000000000000000000064d656c6c6f770000000000000000000000000000000000000000000000000000

Submitting verification for [src/managers/TokenizedShareManager.sol:TokenizedShareManager] 0x0000000E8eb7173fA1a3ba60eCA325bcB6aaf378.
Submitted contract for verification:
	Response: `OK`
	GUID: `wyzhytmqw9rrnsw2ccchpygmspj7rqccki8qsjdup4vymkhfqn`
	URL: https://sepolia.etherscan.io/address/0x0000000e8eb7173fa1a3ba60eca325bcb6aaf378
Contract verification status:
Response: `NOTOK`
Details: `Pending in queue`
Contract verification status:
Response: `OK`
Details: `Pass - Verified`
Contract successfully verified
Start verifying contract `0x00000005564AAE40D88e2F08dA71CBe156767977` deployed on sepolia
EVM version: cancun
Compiler version: 0.8.25
Optimizations:    200
Constructor args: 0000000000000000000000000000000000000000000000000000000000000040000000000000000000000000000000000000000000000000000000000000000100000000000000000000000000000000000000000000000000000000000000064d656c6c6f770000000000000000000000000000000000000000000000000000

Submitting verification for [src/managers/BasicShareManager.sol:BasicShareManager] 0x00000005564AAE40D88e2F08dA71CBe156767977.
Submitted contract for verification:
	Response: `OK`
	GUID: `1fsj8xhlfbagrxydxejfbuyhsjuiz7h4hdqmjbbayfu3j9eysz`
	URL: https://sepolia.etherscan.io/address/0x00000005564aae40d88e2f08da71cbe156767977
Contract verification status:
Response: `NOTOK`
Details: `Pending in queue`
Contract verification status:
Response: `OK`
Details: `Pass - Verified`
Contract successfully verified
Start verifying contract `0xB0e20537692997d91Ad9D1CA3348aA6152C7eFff` deployed on sepolia
EVM version: cancun
Compiler version: 0.8.25
Optimizations:    200
Constructor args: 0000000000000000000000000000000397b71c8f3182fd40d247330d218fdc7200000000000000000000000012b6692f7240acbc354cd48dfc275efdfb293b2400000000000000000000000000000000000000000000000000000000000000600000000000000000000000000000000000000000000000000000000000000064439fab91000000000000000000000000000000000000000000000000000000000000002000000000000000000000000000000000000000000000000000000000000000200000000000000000000000004222723bca5b66b29b26714ab5612434ee49c81c00000000000000000000000000000000000000000000000000000000

Submitting verification for [lib/openzeppelin-contracts-upgradeable/lib/openzeppelin-contracts/contracts/proxy/transparent/TransparentUpgradeableProxy.sol:TransparentUpgradeableProxy] 0xB0e20537692997d91Ad9D1CA3348aA6152C7eFff.
Submitted contract for verification:
	Response: `OK`
	GUID: `n3vkdygaspwam9t6ym8btv4a7vzwzjfvhrie9wqs6kjlgytj9e`
	URL: https://sepolia.etherscan.io/address/0xb0e20537692997d91ad9d1ca3348aa6152c7efff
Contract verification status:
Response: `NOTOK`
Details: `Pending in queue`
Contract verification status:
Response: `OK`
Details: `Pass - Verified`
Contract successfully verified
Start verifying contract `0x4F671bE184dDd723a5D21dF3e4049Ed43D542fd5` deployed on sepolia
EVM version: cancun
Compiler version: 0.8.25
Optimizations:    200
Constructor args: 00000000000000000000000012b6692f7240acbc354cd48dfc275efdfb293b24

Submitting verification for [lib/openzeppelin-contracts-upgradeable/lib/openzeppelin-contracts/contracts/proxy/transparent/ProxyAdmin.sol:ProxyAdmin] 0x4F671bE184dDd723a5D21dF3e4049Ed43D542fd5.
Submitted contract for verification:
	Response: `OK`
	GUID: `bsqfgtzkeiyj299yimrfx2pg59chu92gnuynf2kqeni7jlibdh`
	URL: https://sepolia.etherscan.io/address/0x4f671be184ddd723a5d21df3e4049ed43d542fd5
Contract verification status:
Response: `NOTOK`
Details: `Pending in queue`
Contract verification status:
Response: `NOTOK`
Details: `Already Verified`
Contract source code already verified
Start verifying contract `0x0000000E535B4E063f8372933A55470e67910a66` deployed on sepolia
EVM version: cancun
Compiler version: 0.8.25
Optimizations:    200
Constructor args: 0000000000000000000000000000000000000000000000000000000000000040000000000000000000000000000000000000000000000000000000000000000100000000000000000000000000000000000000000000000000000000000000064d656c6c6f770000000000000000000000000000000000000000000000000000

Submitting verification for [src/vaults/Subvault.sol:Subvault] 0x0000000E535B4E063f8372933A55470e67910a66.
Submitted contract for verification:
	Response: `OK`
	GUID: `fyuuh9uzbxhisvgsx8bkigbsb9jgwjsbeduwctdqj6reiwnnrt`
	URL: https://sepolia.etherscan.io/address/0x0000000e535b4e063f8372933a55470e67910a66
Contract verification status:
Response: `NOTOK`
Details: `Pending in queue`
Contract verification status:
Response: `OK`
Details: `Pass - Verified`
Contract successfully verified
Start verifying contract `0xa2cF6419a2544113936143C5808cFe55cB904f2E` deployed on sepolia
EVM version: cancun
Compiler version: 0.8.25
Optimizations:    200
Constructor args: 0000000000000000000000000000000397b71c8f3182fd40d247330d218fdc7200000000000000000000000012b6692f7240acbc354cd48dfc275efdfb293b2400000000000000000000000000000000000000000000000000000000000000600000000000000000000000000000000000000000000000000000000000000064439fab91000000000000000000000000000000000000000000000000000000000000002000000000000000000000000000000000000000000000000000000000000000200000000000000000000000004222723bca5b66b29b26714ab5612434ee49c81c00000000000000000000000000000000000000000000000000000000

Submitting verification for [lib/openzeppelin-contracts-upgradeable/lib/openzeppelin-contracts/contracts/proxy/transparent/TransparentUpgradeableProxy.sol:TransparentUpgradeableProxy] 0xa2cF6419a2544113936143C5808cFe55cB904f2E.
Submitted contract for verification:
	Response: `OK`
	GUID: `fa1hppw3jyrdcr564d2lfdub2drniemvrw5rbmq5yaagy7uz9c`
	URL: https://sepolia.etherscan.io/address/0xa2cf6419a2544113936143c5808cfe55cb904f2e
Contract verification status:
Response: `NOTOK`
Details: `Pending in queue`
Contract verification status:
Response: `OK`
Details: `Pass - Verified`
Contract successfully verified
Start verifying contract `0x035Fa9Db74CCd5C18404863828f5d6b2b4A9Ed53` deployed on sepolia
EVM version: cancun
Compiler version: 0.8.25
Optimizations:    200
Constructor args: 00000000000000000000000012b6692f7240acbc354cd48dfc275efdfb293b24

Submitting verification for [lib/openzeppelin-contracts-upgradeable/lib/openzeppelin-contracts/contracts/proxy/transparent/ProxyAdmin.sol:ProxyAdmin] 0x035Fa9Db74CCd5C18404863828f5d6b2b4A9Ed53.
Submitted contract for verification:
	Response: `OK`
	GUID: `s9l5mcgpgbyajflwm8mevhpxdv4ecujse6mdakhtbl6e7yqvuw`
	URL: https://sepolia.etherscan.io/address/0x035fa9db74ccd5c18404863828f5d6b2b4a9ed53
Contract verification status:
Response: `NOTOK`
Details: `Pending in queue`
Contract verification status:
Response: `NOTOK`
Details: `Already Verified`
Contract source code already verified
Start verifying contract `0x000000047Fc878662006E78D5174FB4285637966` deployed on sepolia
EVM version: cancun
Compiler version: 0.8.25
Optimizations:    200
Constructor args: 0000000000000000000000000000000000000000000000000000000000000040000000000000000000000000000000000000000000000000000000000000000100000000000000000000000000000000000000000000000000000000000000064d656c6c6f770000000000000000000000000000000000000000000000000000

Submitting verification for [src/permissions/Verifier.sol:Verifier] 0x000000047Fc878662006E78D5174FB4285637966.
Submitted contract for verification:
	Response: `OK`
	GUID: `jmcu7akpshyscntxkds8ktrk3jckref9jianfjzcsktrukajca`
	URL: https://sepolia.etherscan.io/address/0x000000047fc878662006e78d5174fb4285637966
Contract verification status:
Response: `NOTOK`
Details: `Pending in queue`
Contract verification status:
Response: `OK`
Details: `Pass - Verified`
Contract successfully verified
Start verifying contract `0xb801f2Fae79122980e1F740D7e99686C538D02Ee` deployed on sepolia
EVM version: cancun
Compiler version: 0.8.25
Optimizations:    200
Constructor args: 0000000000000000000000000000000397b71c8f3182fd40d247330d218fdc7200000000000000000000000012b6692f7240acbc354cd48dfc275efdfb293b2400000000000000000000000000000000000000000000000000000000000000600000000000000000000000000000000000000000000000000000000000000064439fab91000000000000000000000000000000000000000000000000000000000000002000000000000000000000000000000000000000000000000000000000000000200000000000000000000000004222723bca5b66b29b26714ab5612434ee49c81c00000000000000000000000000000000000000000000000000000000

Submitting verification for [lib/openzeppelin-contracts-upgradeable/lib/openzeppelin-contracts/contracts/proxy/transparent/TransparentUpgradeableProxy.sol:TransparentUpgradeableProxy] 0xb801f2Fae79122980e1F740D7e99686C538D02Ee.
Submitted contract for verification:
	Response: `OK`
	GUID: `dc3m9swsspz1yddq7tm5h2eff1zzriatygb36yaisnsc4snpmw`
	URL: https://sepolia.etherscan.io/address/0xb801f2fae79122980e1f740d7e99686c538d02ee
Contract verification status:
Response: `NOTOK`
Details: `Pending in queue`
Contract verification status:
Response: `OK`
Details: `Pass - Verified`
Contract successfully verified
Start verifying contract `0xa8198CC1B54528a0978724203a063b18769Cb2C1` deployed on sepolia
EVM version: cancun
Compiler version: 0.8.25
Optimizations:    200
Constructor args: 00000000000000000000000012b6692f7240acbc354cd48dfc275efdfb293b24

Submitting verification for [lib/openzeppelin-contracts-upgradeable/lib/openzeppelin-contracts/contracts/proxy/transparent/ProxyAdmin.sol:ProxyAdmin] 0xa8198CC1B54528a0978724203a063b18769Cb2C1.
Submitted contract for verification:
	Response: `OK`
	GUID: `dgw7hcpmx9swsznfuh2ajaj4euadcpdacvgiwrzzfj2rrvwtnp`
	URL: https://sepolia.etherscan.io/address/0xa8198cc1b54528a0978724203a063b18769cb2c1
Contract verification status:
Response: `NOTOK`
Details: `Pending in queue`
Contract verification status:
Response: `NOTOK`
Details: `Already Verified`
Contract source code already verified
Start verifying contract `0xd4ca7b3fFD3284Bc7c36d29cd744a17FA849d730` deployed on sepolia
EVM version: cancun
Compiler version: 0.8.25
Optimizations:    200
Constructor args: 00000000000000000000000000000000000000000000000000000000000000c0000000000000000000000000000000000000000000000000000000000000000100000000000000000000000042493d2521e5a936afa7b980ff8b686f191a081200000000000000000000000008ad90aec1c04d452dc587a1684590bd219dba43000000000000000000000000b0e20537692997d91ad9d1ca3348aa6152c7efff000000000000000000000000a2cf6419a2544113936143c5808cfe55cb904f2e00000000000000000000000000000000000000000000000000000000000000064d656c6c6f770000000000000000000000000000000000000000000000000000

Submitting verification for [src/vaults/Vault.sol:Vault] 0xd4ca7b3fFD3284Bc7c36d29cd744a17FA849d730.
Submitted contract for verification:
	Response: `OK`
	GUID: `pfndb4wtun2kb8vhjxtvj3i2v1ztd9yhqnzxnzkdm3xcyuitva`
	URL: https://sepolia.etherscan.io/address/0xd4ca7b3ffd3284bc7c36d29cd744a17fa849d730
Contract verification status:
Response: `NOTOK`
Details: `Pending in queue`
Contract verification status:
Response: `OK`
Details: `Pass - Verified`
Contract successfully verified
Start verifying contract `0x0000000263Fb29C3D6B0C5837883519eF05ea20A` deployed on sepolia
EVM version: cancun
Compiler version: 0.8.25
Optimizations:    200

Submitting verification for [src/permissions/BitmaskVerifier.sol:BitmaskVerifier] 0x0000000263Fb29C3D6B0C5837883519eF05ea20A.
Submitted contract for verification:
	Response: `OK`
	GUID: `lrziemxlhbv4gkqjum8yjjmg9g6741hfy4nziy9e1ciz7incdf`
	URL: https://sepolia.etherscan.io/address/0x0000000263fb29c3d6b0c5837883519ef05ea20a
Contract verification status:
Response: `NOTOK`
Details: `Pending in queue`
Contract verification status:
Response: `OK`
Details: `Pass - Verified`
Contract successfully verified
Start verifying contract `0x3277Ecd21c0feF399Dfb37A7EDC2D7E55d61fFBd` deployed on sepolia
EVM version: cancun
Compiler version: 0.8.25
Optimizations:    200
Constructor args: 0000000000000000000000000000000397b71c8f3182fd40d247330d218fdc7200000000000000000000000012b6692f7240acbc354cd48dfc275efdfb293b2400000000000000000000000000000000000000000000000000000000000000600000000000000000000000000000000000000000000000000000000000000064439fab91000000000000000000000000000000000000000000000000000000000000002000000000000000000000000000000000000000000000000000000000000000200000000000000000000000004222723bca5b66b29b26714ab5612434ee49c81c00000000000000000000000000000000000000000000000000000000

Submitting verification for [lib/openzeppelin-contracts-upgradeable/lib/openzeppelin-contracts/contracts/proxy/transparent/TransparentUpgradeableProxy.sol:TransparentUpgradeableProxy] 0x3277Ecd21c0feF399Dfb37A7EDC2D7E55d61fFBd.
Submitted contract for verification:
	Response: `OK`
	GUID: `zwknq3ejaxfqiguq5dxqcndwyh1d9qjuup1kvcdkvzpbqautfh`
	URL: https://sepolia.etherscan.io/address/0x3277ecd21c0fef399dfb37a7edc2d7e55d61ffbd
Contract verification status:
Response: `NOTOK`
Details: `Pending in queue`
Contract verification status:
Response: `OK`
Details: `Pass - Verified`
Contract successfully verified
Start verifying contract `0x72762e9d6bC82135280b090AEA3db1E68E7E35A2` deployed on sepolia
EVM version: cancun
Compiler version: 0.8.25
Optimizations:    200
Constructor args: 00000000000000000000000012b6692f7240acbc354cd48dfc275efdfb293b24

Submitting verification for [lib/openzeppelin-contracts-upgradeable/lib/openzeppelin-contracts/contracts/proxy/transparent/ProxyAdmin.sol:ProxyAdmin] 0x72762e9d6bC82135280b090AEA3db1E68E7E35A2.
Submitted contract for verification:
	Response: `OK`
	GUID: `ekfn4digq82rajelwjfzvuqdvdzt5nnzyscapxkp3em6iwq4yd`
	URL: https://sepolia.etherscan.io/address/0x72762e9d6bc82135280b090aea3db1e68e7e35a2
Contract verification status:
Response: `NOTOK`
Details: `Already Verified`
Contract source code already verified
Start verifying contract `0xcab8F8d3D808E14b01b8B91407402598F13515eC` deployed on sepolia
EVM version: cancun
Compiler version: 0.8.25
Optimizations:    200
Constructor args: 000000000000000000000000d4a7e1bd8015057293f0d0a557088c286942e84b0000000000000000000000002e3d6c0744b10eb0a4e6f679f71554a39ec47a5d0000000000000000000000005ae8152fb88c26ff9ca5c014c94fca3c6802934900000000000000000000000000000000000000000000000000000000000000a0000000000000000000000000000000000000000000000000000000000000000100000000000000000000000000000000000000000000000000000000000000064d656c6c6f770000000000000000000000000000000000000000000000000000

Submitting verification for [src/permissions/protocols/EigenLayerVerifier.sol:EigenLayerVerifier] 0xcab8F8d3D808E14b01b8B91407402598F13515eC.
Submitted contract for verification:
	Response: `OK`
	GUID: `ebc7nkk2trdrbtkutii5xqyrvghjkrdvut9cmswrem5vkcujkp`
	URL: https://sepolia.etherscan.io/address/0xcab8f8d3d808e14b01b8b91407402598f13515ec
Contract verification status:
Response: `NOTOK`
Details: `Pending in queue`
Contract verification status:
Response: `OK`
Details: `Pass - Verified`
Contract successfully verified
Start verifying contract `0x0691DF4Ab69051fBb553Da5F47ffcF5c20b31D96` deployed on sepolia
EVM version: cancun
Compiler version: 0.8.25
Optimizations:    200
Constructor args: 0000000000000000000000000000000397b71c8f3182fd40d247330d218fdc7200000000000000000000000012b6692f7240acbc354cd48dfc275efdfb293b2400000000000000000000000000000000000000000000000000000000000000600000000000000000000000000000000000000000000000000000000000000064439fab91000000000000000000000000000000000000000000000000000000000000002000000000000000000000000000000000000000000000000000000000000000200000000000000000000000004222723bca5b66b29b26714ab5612434ee49c81c00000000000000000000000000000000000000000000000000000000

Submitting verification for [lib/openzeppelin-contracts-upgradeable/lib/openzeppelin-contracts/contracts/proxy/transparent/TransparentUpgradeableProxy.sol:TransparentUpgradeableProxy] 0x0691DF4Ab69051fBb553Da5F47ffcF5c20b31D96.
Submitted contract for verification:
	Response: `OK`
	GUID: `cgmtgpckb632h2ciwjj87sdrqak47jmnzvpxasljb1rpnd63i3`
	URL: https://sepolia.etherscan.io/address/0x0691df4ab69051fbb553da5f47ffcf5c20b31d96
Contract verification status:
Response: `NOTOK`
Details: `Pending in queue`
Contract verification status:
Response: `OK`
Details: `Pass - Verified`
Contract successfully verified
Start verifying contract `0x3Bc719F2A78820DE93659B59Bc594B1FD274dA68` deployed on sepolia
EVM version: cancun
Compiler version: 0.8.25
Optimizations:    200
Constructor args: 00000000000000000000000012b6692f7240acbc354cd48dfc275efdfb293b24

Submitting verification for [lib/openzeppelin-contracts-upgradeable/lib/openzeppelin-contracts/contracts/proxy/transparent/ProxyAdmin.sol:ProxyAdmin] 0x3Bc719F2A78820DE93659B59Bc594B1FD274dA68.
Submitted contract for verification:
	Response: `OK`
	GUID: `fk1dhauwdxwzegjgtcdg8wxzy7bp3d4hm453nwne46pfq2la58`
	URL: https://sepolia.etherscan.io/address/0x3bc719f2a78820de93659b59bc594b1fd274da68
Contract verification status:
Response: `NOTOK`
Details: `Already Verified`
Contract source code already verified
Start verifying contract `0x00000009207D366cBB8549837F8Ae4bf800Af2D6` deployed on sepolia
EVM version: cancun
Compiler version: 0.8.25
Optimizations:    200
Constructor args: 0000000000000000000000000000000000000000000000000000000000000040000000000000000000000000000000000000000000000000000000000000000100000000000000000000000000000000000000000000000000000000000000064d656c6c6f770000000000000000000000000000000000000000000000000000

Submitting verification for [src/permissions/protocols/ERC20Verifier.sol:ERC20Verifier] 0x00000009207D366cBB8549837F8Ae4bf800Af2D6.
Submitted contract for verification:
	Response: `OK`
	GUID: `kuq3vlm15baesztcdbcgivpac2fh9vk1jusatj9ifmrc4qepne`
	URL: https://sepolia.etherscan.io/address/0x00000009207d366cbb8549837f8ae4bf800af2d6
Contract verification status:
Response: `NOTOK`
Details: `Pending in queue`
Contract verification status:
Response: `OK`
Details: `Pass - Verified`
Contract successfully verified
Start verifying contract `0xeA88c57d2C58Ba53381B6a01Ca0674F8c99C65b4` deployed on sepolia
EVM version: cancun
Compiler version: 0.8.25
Optimizations:    200
Constructor args: 0000000000000000000000000000000397b71c8f3182fd40d247330d218fdc7200000000000000000000000012b6692f7240acbc354cd48dfc275efdfb293b2400000000000000000000000000000000000000000000000000000000000000600000000000000000000000000000000000000000000000000000000000000064439fab91000000000000000000000000000000000000000000000000000000000000002000000000000000000000000000000000000000000000000000000000000000200000000000000000000000004222723bca5b66b29b26714ab5612434ee49c81c00000000000000000000000000000000000000000000000000000000

Submitting verification for [lib/openzeppelin-contracts-upgradeable/lib/openzeppelin-contracts/contracts/proxy/transparent/TransparentUpgradeableProxy.sol:TransparentUpgradeableProxy] 0xeA88c57d2C58Ba53381B6a01Ca0674F8c99C65b4.
Submitted contract for verification:
	Response: `OK`
	GUID: `pbppqfvgrt66rzgzux8hku2t1wfcvcpquvhkcv5dfbtgdavhwv`
	URL: https://sepolia.etherscan.io/address/0xea88c57d2c58ba53381b6a01ca0674f8c99c65b4
Contract verification status:
Response: `NOTOK`
Details: `Already Verified`
Contract source code already verified
Start verifying contract `0xc4E70Ce30a6Af3ae62252b39f820A8c13Bd34ca9` deployed on sepolia
EVM version: cancun
Compiler version: 0.8.25
Optimizations:    200
Constructor args: 00000000000000000000000012b6692f7240acbc354cd48dfc275efdfb293b24

Submitting verification for [lib/openzeppelin-contracts-upgradeable/lib/openzeppelin-contracts/contracts/proxy/transparent/ProxyAdmin.sol:ProxyAdmin] 0xc4E70Ce30a6Af3ae62252b39f820A8c13Bd34ca9.
Submitted contract for verification:
	Response: `OK`
	GUID: `v8hxtvzvntajlewfcmsvwytvcz1lfrsnf1hf9ncmb78b3mrflx`
	URL: https://sepolia.etherscan.io/address/0xc4e70ce30a6af3ae62252b39f820a8c13bd34ca9
Contract verification status:
Response: `NOTOK`
Details: `Pending in queue`
Contract verification status:
Response: `NOTOK`
Details: `Already Verified`
Contract source code already verified
Start verifying contract `0xD25306C63E0eda289C45cdDbD7865d175F101E03` deployed on sepolia
EVM version: cancun
Compiler version: 0.8.25
Optimizations:    200
Constructor args: 000000000000000000000000407a039d94948484d356efb765b3c74382a050b4000000000000000000000000e6381eda7444672da17cd859e442affce7e170f00000000000000000000000000000000000000000000000000000000000000080000000000000000000000000000000000000000000000000000000000000000100000000000000000000000000000000000000000000000000000000000000064d656c6c6f770000000000000000000000000000000000000000000000000000

Submitting verification for [src/permissions/protocols/SymbioticVerifier.sol:SymbioticVerifier] 0xD25306C63E0eda289C45cdDbD7865d175F101E03.
Submitted contract for verification:
	Response: `OK`
	GUID: `y9rrzxgcukunqxtd4lxf7pj6kqrgtg9m1ishxpsaaxuhspgbjq`
	URL: https://sepolia.etherscan.io/address/0xd25306c63e0eda289c45cddbd7865d175f101e03
Contract verification status:
Response: `NOTOK`
Details: `Pending in queue`
Contract verification status:
Response: `OK`
Details: `Pass - Verified`
Contract successfully verified
Start verifying contract `0x992AF00ebbA5B58D8777aD05205D72337372DEb7` deployed on sepolia
EVM version: cancun
Compiler version: 0.8.25
Optimizations:    200
Constructor args: 000000000000000000000000383d8db8453ea400c8d3a1f4d077d5ce3c9093580000000000000000000000003f56a1471132935c4c9590032b2d3fe6265106910000000000000000000000006b2153814355f01ab32d93ef7f118fe806865714000000000000000000000000a8b7412cbfec3da99f82cbb67439fede2d375570000000000000000000000000b801f2fae79122980e1f740d7e99686c538d02ee

Submitting verification for [src/vaults/VaultConfigurator.sol:VaultConfigurator] 0x992AF00ebbA5B58D8777aD05205D72337372DEb7.
Submitted contract for verification:
	Response: `OK`
	GUID: `hf8xqarj6igqjebzn75agfjnfamsdwafydyueusisdijwbdp6j`
	URL: https://sepolia.etherscan.io/address/0x992af00ebba5b58d8777ad05205d72337372deb7
Contract verification status:
Response: `NOTOK`
Details: `Pending in queue`
Contract verification status:
Response: `OK`
Details: `Pass - Verified`
Contract successfully verified
Start verifying contract `0x0000000637f1b1ccDA4Af2dB6CDDf5e5Ec45fd93` deployed on sepolia
EVM version: cancun
Compiler version: 0.8.25
Optimizations:    200

Submitting verification for [src/hooks/BasicRedeemHook.sol:BasicRedeemHook] 0x0000000637f1b1ccDA4Af2dB6CDDf5e5Ec45fd93.
Submitted contract for verification:
	Response: `OK`
	GUID: `b97zz3mlsgpy7a91s6fijjfmidxbswwxmukrzz4w8uccuuxzaw`
	URL: https://sepolia.etherscan.io/address/0x0000000637f1b1ccda4af2db6cddf5e5ec45fd93
Contract verification status:
Response: `NOTOK`
Details: `Pending in queue`
Contract verification status:
Response: `OK`
Details: `Pass - Verified`
Contract successfully verified
Start verifying contract `0x00000004d3B17e5391eb571dDb8fDF95646ca827` deployed on sepolia
EVM version: cancun
Compiler version: 0.8.25
Optimizations:    200

Submitting verification for [src/hooks/RedirectingDepositHook.sol:RedirectingDepositHook] 0x00000004d3B17e5391eb571dDb8fDF95646ca827.
Submitted contract for verification:
	Response: `OK`
	GUID: `i7apzhukfwvktnkhddpjst3iarh3tq7y1nbpnxu4vpj8snaetc`
	URL: https://sepolia.etherscan.io/address/0x00000004d3b17e5391eb571ddb8fdf95646ca827
Contract verification status:
Response: `NOTOK`
Details: `Pending in queue`
Contract verification status:
Response: `OK`
Details: `Pass - Verified`
Contract successfully verified
Start verifying contract `0xd3b4a229c8074bcF596f6750e50147B5b4c46063` deployed on sepolia
EVM version: cancun
Compiler version: 0.8.25
Optimizations:    200
Constructor args: 000000000000000000000000b82381a3fbd3fafa77b3a7be693342618240067b0000000000000000000000007b79995e5f793a07bc00c21412e50ecae098e7f900000000000000000000000000000004d3b17e5391eb571ddb8fdf95646ca827

Submitting verification for [src/hooks/LidoDepositHook.sol:LidoDepositHook] 0xd3b4a229c8074bcF596f6750e50147B5b4c46063.
Submitted contract for verification:
	Response: `OK`
	GUID: `hijr4r5sn9arhrpxkxcvvfikdcaugdhubq7ne9jljv9kwfysiu`
	URL: https://sepolia.etherscan.io/address/0xd3b4a229c8074bcf596f6750e50147b5b4c46063
Contract verification status:
Response: `NOTOK`
Details: `Pending in queue`
Contract verification status:
Response: `OK`
Details: `Pass - Verified`
Contract successfully verified
Start verifying contract `0x000000005F543c38d5ea6D0bF10A50974Eb55E35` deployed on sepolia
EVM version: cancun
Compiler version: 0.8.25
Optimizations:    200

Submitting verification for [src/oracles/OracleHelper.sol:OracleHelper] 0x000000005F543c38d5ea6D0bF10A50974Eb55E35.
Submitted contract for verification:
	Response: `OK`
	GUID: `d33xhc1zesgbabs7gsj2hbdsb1vzfz5hbmaer49wnfvsvzkztp`
	URL: https://sepolia.etherscan.io/address/0x000000005f543c38d5ea6d0bf10a50974eb55e35
Contract verification status:
Response: `NOTOK`
Details: `Already Verified`
Contract source code already verified
All (51) contracts were verified!

Transactions saved to: /home/gerstel/mellow/flexible-vaults/broadcast/Deploy.s.sol/11155111/run-latest.json

Sensitive values saved to: /home/gerstel/mellow/flexible-vaults/cache/Deploy.s.sol/11155111/run-latest.json

Done in 1884.82s.
